#
# There is insufficient memory for the Java Runtime Environment to continue.
# Native memory allocation (malloc) failed to allocate 1048576 bytes. Error detail: AllocateHeap
# Possible reasons:
#   The system is out of physical RAM or swap space
#   This process is running with CompressedOops enabled, and the Java Heap may be blocking the growth of the native heap
# Possible solutions:
#   Reduce memory load on the system
#   Increase physical memory or swap space
#   Check if swap backing store is full
#   Decrease Java heap size (-Xmx/-Xms)
#   Decrease number of Java threads
#   Decrease Java thread stack sizes (-Xss)
#   Set larger code cache with -XX:ReservedCodeCacheSize=
#   JVM is running with Unscaled Compressed Oops mode in which the Java heap is
#     placed in the first 4GB address space. The Java Heap base address is the
#     maximum limit for the native heap growth. Please use -XX:HeapBaseMinAddress
#     to set the Java Heap base and to place the Java Heap above 4GB virtual address.
# This output file may be truncated or incomplete.
#
#  Out of Memory Error (allocation.cpp:44), pid=24828, tid=21592
#
# JRE version: OpenJDK Runtime Environment Temurin-21.0.10+7 (21.0.10+7) (build 21.0.10+7-LTS)
# Java VM: OpenJDK 64-Bit Server VM Temurin-21.0.10+7 (21.0.10+7-LTS, mixed mode, sharing, tiered, compressed oops, compressed class ptrs, parallel gc, windows-amd64)
# No core dump will be written. Minidumps are not enabled by default on client versions of Windows
#

---------------  S U M M A R Y ------------

Command Line: --add-modules=ALL-SYSTEM --add-opens=java.base/java.util=ALL-UNNAMED --add-opens=java.base/java.lang=ALL-UNNAMED --add-opens=java.base/sun.nio.fs=ALL-UNNAMED -Declipse.application=org.eclipse.jdt.ls.core.id1 -Dosgi.bundles.defaultStartLevel=4 -Declipse.product=org.eclipse.jdt.ls.core.product -Djava.import.generatesMetadataFilesAtProjectRoot=false -DDetectVMInstallationsJob.disabled=true -Dfile.encoding=utf8 -XX:+UseParallelGC -XX:GCTimeRatio=4 -XX:AdaptiveSizePolicyWeight=90 -Dsun.zip.disableMemoryMapping=true -Xmx2G -Xms100m -Xlog:disable -javaagent:c:\Users\drabo\.vscode\extensions\redhat.java-1.54.0-win32-x64\lombok\lombok-1.18.39-4050.jar -XX:+HeapDumpOnOutOfMemoryError -XX:HeapDumpPath=c:\Users\drabo\AppData\Roaming\Code\User\workspaceStorage\b5d85a17dd6b2e49b0175a07488c1291\redhat.java -Daether.dependencyCollector.impl=bf c:\Users\drabo\.vscode\extensions\redhat.java-1.54.0-win32-x64\server\plugins\org.eclipse.equinox.launcher_1.7.100.v20251111-0406.jar -configuration c:\Users\drabo\AppData\Roaming\Code\User\globalStorage\redhat.java\1.54.0\config_win -data c:\Users\drabo\AppData\Roaming\Code\User\workspaceStorage\b5d85a17dd6b2e49b0175a07488c1291\redhat.java\jdt_ws --pipe=\\.\pipe\lsp-13936eab1e6ccd607f5745edb12f03ca-sock

Host: 13th Gen Intel(R) Core(TM) i5-1335U, 12 cores, 7G,  Windows 11 , 64 bit Build 26100 (10.0.26100.8521)
Time: Fri Jun 19 16:38:09 2026 Greenwich elapsed time: 12873.562710 seconds (0d 3h 34m 33s)

---------------  T H R E A D  ---------------

Current thread (0x0000020beb14f1f0):  JavaThread "Attach Listener" daemon [_thread_in_vm, id=21592, stack(0x0000001d41400000,0x0000001d41500000) (1024K)]

Stack: [0x0000001d41400000,0x0000001d41500000]
Native frames: (J=compiled Java code, j=interpreted, Vv=VM code, C=native code)
V  [jvm.dll+0x6d7a39]
V  [jvm.dll+0x8b4b26]
V  [jvm.dll+0x8b70de]
V  [jvm.dll+0x8b77c3]
V  [jvm.dll+0x284346]
V  [jvm.dll+0xc1277]
V  [jvm.dll+0x6d82e9]
V  [jvm.dll+0x1334a6]
V  [jvm.dll+0x3f857e]
V  [jvm.dll+0x85f59d]
V  [jvm.dll+0x6d626d]
C  [ucrtbase.dll+0x2cd30]
C  [KERNEL32.DLL+0x2e957]
C  [ntdll.dll+0x87c1c]


---------------  P R O C E S S  ---------------

Threads class SMR info:
_java_thread_list=0x0000020bcefef940, length=39, elements={
0x0000020beb09ca50, 0x0000020bffaad020, 0x0000020bffaae250, 0x0000020beb14e1e0,
0x0000020beb14f1f0, 0x0000020beb152650, 0x0000020bc5f228b0, 0x0000020bc5f22fd0,
0x0000020bc5f28aa0, 0x0000020bc619d420, 0x0000020bc624fda0, 0x0000020bcb6bb6e0,
0x0000020bcb682e00, 0x0000020bcb7f7880, 0x0000020bcb7f6a00, 0x0000020bcc1e5ea0,
0x0000020bcc19e490, 0x0000020bcbfb6850, 0x0000020bcbc6ded0, 0x0000020bcbc6e560,
0x0000020bcbc6d1b0, 0x0000020bcbc6b770, 0x0000020bcbc6d840, 0x0000020bcd3d18a0,
0x0000020bcd3d0b80, 0x0000020bcd3d04f0, 0x0000020bcd3d1210, 0x0000020bcd3d1f30,
0x0000020bcd3cfe60, 0x0000020bcd3cf7d0, 0x0000020bcd3d2c50, 0x0000020bcd3d32e0,
0x0000020bcd3d4d20, 0x0000020bcd3d4690, 0x0000020bcd3d3970, 0x0000020bcd3d4000,
0x0000020bcd3d53b0, 0x0000020bcdd39500, 0x0000020bcdd3a8b0
}

Java Threads: ( => current thread )
  0x0000020beb09ca50 JavaThread "main"                              [_thread_blocked, id=28344, stack(0x0000001d40d00000,0x0000001d40e00000) (1024K)]
  0x0000020bffaad020 JavaThread "Reference Handler"          daemon [_thread_blocked, id=26700, stack(0x0000001d41100000,0x0000001d41200000) (1024K)]
  0x0000020bffaae250 JavaThread "Finalizer"                  daemon [_thread_blocked, id=37968, stack(0x0000001d41200000,0x0000001d41300000) (1024K)]
  0x0000020beb14e1e0 JavaThread "Signal Dispatcher"          daemon [_thread_blocked, id=34132, stack(0x0000001d41300000,0x0000001d41400000) (1024K)]
=>0x0000020beb14f1f0 JavaThread "Attach Listener"            daemon [_thread_in_vm, id=21592, stack(0x0000001d41400000,0x0000001d41500000) (1024K)]
  0x0000020beb152650 JavaThread "Service Thread"             daemon [_thread_blocked, id=23096, stack(0x0000001d41500000,0x0000001d41600000) (1024K)]
  0x0000020bc5f228b0 JavaThread "Monitor Deflation Thread"   daemon [_thread_blocked, id=4164, stack(0x0000001d41600000,0x0000001d41700000) (1024K)]
  0x0000020bc5f22fd0 JavaThread "C2 CompilerThread0"         daemon [_thread_blocked, id=33400, stack(0x0000001d41700000,0x0000001d41800000) (1024K)]
  0x0000020bc5f28aa0 JavaThread "C1 CompilerThread0"         daemon [_thread_blocked, id=5008, stack(0x0000001d41800000,0x0000001d41900000) (1024K)]
  0x0000020bc619d420 JavaThread "Common-Cleaner"             daemon [_thread_blocked, id=23196, stack(0x0000001d41900000,0x0000001d41a00000) (1024K)]
  0x0000020bc624fda0 JavaThread "Notification Thread"        daemon [_thread_blocked, id=22244, stack(0x0000001d41a00000,0x0000001d41b00000) (1024K)]
  0x0000020bcb6bb6e0 JavaThread "Active Thread: Equinox Container: 4deb5212-ccbb-4002-9762-6012092af94f"        [_thread_blocked, id=29316, stack(0x0000001d42100000,0x0000001d42200000) (1024K)]
  0x0000020bcb682e00 JavaThread "Refresh Thread: Equinox Container: 4deb5212-ccbb-4002-9762-6012092af94f" daemon [_thread_blocked, id=27832, stack(0x0000001d42400000,0x0000001d42500000) (1024K)]
  0x0000020bcb7f7880 JavaThread "Framework Event Dispatcher: Equinox Container: 4deb5212-ccbb-4002-9762-6012092af94f" daemon [_thread_blocked, id=22516, stack(0x0000001d42500000,0x0000001d42600000) (1024K)]
  0x0000020bcb7f6a00 JavaThread "Start Level: Equinox Container: 4deb5212-ccbb-4002-9762-6012092af94f" daemon [_thread_blocked, id=13932, stack(0x0000001d42600000,0x0000001d42700000) (1024K)]
  0x0000020bcc1e5ea0 JavaThread "Bundle File Closer"         daemon [_thread_blocked, id=25904, stack(0x0000001d42900000,0x0000001d42a00000) (1024K)]
  0x0000020bcc19e490 JavaThread "SCR Component Actor"        daemon [_thread_blocked, id=15440, stack(0x0000001d42200000,0x0000001d42300000) (1024K)]
  0x0000020bcbfb6850 JavaThread "Worker-JM"                         [_thread_blocked, id=26812, stack(0x0000001d42a00000,0x0000001d42b00000) (1024K)]
  0x0000020bcbc6ded0 JavaThread "JNA Cleaner"                daemon [_thread_blocked, id=13264, stack(0x0000001d42b00000,0x0000001d42c00000) (1024K)]
  0x0000020bcbc6e560 JavaThread "Java indexing"              daemon [_thread_blocked, id=22636, stack(0x0000001d42f00000,0x0000001d43000000) (1024K)]
  0x0000020bcbc6d1b0 JavaThread "Worker-3"                          [_thread_blocked, id=35852, stack(0x0000001d43400000,0x0000001d43500000) (1024K)]
  0x0000020bcbc6b770 JavaThread "Thread-1"                   daemon [_thread_in_native, id=10656, stack(0x0000001d43500000,0x0000001d43600000) (1024K)]
  0x0000020bcbc6d840 JavaThread "Thread-2"                   daemon [_thread_in_native, id=27280, stack(0x0000001d43600000,0x0000001d43700000) (1024K)]
  0x0000020bcd3d18a0 JavaThread "Thread-3"                   daemon [_thread_in_native, id=38668, stack(0x0000001d43700000,0x0000001d43800000) (1024K)]
  0x0000020bcd3d0b80 JavaThread "Thread-4"                   daemon [_thread_in_native, id=1376, stack(0x0000001d43800000,0x0000001d43900000) (1024K)]
  0x0000020bcd3d04f0 JavaThread "Thread-5"                   daemon [_thread_in_native, id=21208, stack(0x0000001d43900000,0x0000001d43a00000) (1024K)]
  0x0000020bcd3d1210 JavaThread "Thread-6"                   daemon [_thread_in_native, id=27184, stack(0x0000001d43a00000,0x0000001d43b00000) (1024K)]
  0x0000020bcd3d1f30 JavaThread "Thread-7"                   daemon [_thread_in_native, id=26500, stack(0x0000001d43b00000,0x0000001d43c00000) (1024K)]
  0x0000020bcd3cfe60 JavaThread "Thread-8"                   daemon [_thread_in_native, id=35260, stack(0x0000001d43c00000,0x0000001d43d00000) (1024K)]
  0x0000020bcd3cf7d0 JavaThread "Thread-9"                   daemon [_thread_in_native, id=30584, stack(0x0000001d43d00000,0x0000001d43e00000) (1024K)]
  0x0000020bcd3d2c50 JavaThread "Thread-10"                  daemon [_thread_in_native, id=28064, stack(0x0000001d43e00000,0x0000001d43f00000) (1024K)]
  0x0000020bcd3d32e0 JavaThread "Thread-11"                  daemon [_thread_in_native, id=31864, stack(0x0000001d43f00000,0x0000001d44000000) (1024K)]
  0x0000020bcd3d4d20 JavaThread "Thread-12"                  daemon [_thread_in_native, id=36512, stack(0x0000001d44000000,0x0000001d44100000) (1024K)]
  0x0000020bcd3d4690 JavaThread "Thread-13"                  daemon [_thread_in_native, id=24352, stack(0x0000001d44100000,0x0000001d44200000) (1024K)]
  0x0000020bcd3d3970 JavaThread "pool-2-thread-1"                   [_thread_blocked, id=22828, stack(0x0000001d44200000,0x0000001d44300000) (1024K)]
  0x0000020bcd3d4000 JavaThread "WorkspaceEventsHandler"            [_thread_blocked, id=14648, stack(0x0000001d44300000,0x0000001d44400000) (1024K)]
  0x0000020bcd3d53b0 JavaThread "pool-1-thread-1"                   [_thread_blocked, id=22772, stack(0x0000001d44400000,0x0000001d44500000) (1024K)]
  0x0000020bcdd39500 JavaThread "Cleaner-0"                  daemon [_thread_blocked, id=32484, stack(0x0000001d45000000,0x0000001d45100000) (1024K)]
  0x0000020bcdd3a8b0 JavaThread "Worker-4"                          [_thread_blocked, id=33652, stack(0x0000001d40b00000,0x0000001d40c00000) (1024K)]
Total: 39

Other Threads:
  0x0000020bffa94980 VMThread "VM Thread"                           [id=40620, stack(0x0000001d41000000,0x0000001d41100000) (1024K)]
  0x0000020bff98ca10 WatcherThread "VM Periodic Task Thread"        [id=34628, stack(0x0000001d40f00000,0x0000001d41000000) (1024K)]
  0x0000020beb0b9e30 WorkerThread "GC Thread#0"                     [id=24992, stack(0x0000001d40e00000,0x0000001d40f00000) (1024K)]
  0x0000020bcb080270 WorkerThread "GC Thread#1"                     [id=30020, stack(0x0000001d41b00000,0x0000001d41c00000) (1024K)]
  0x0000020bcb09d270 WorkerThread "GC Thread#2"                     [id=37256, stack(0x0000001d41c00000,0x0000001d41d00000) (1024K)]
  0x0000020bcb080620 WorkerThread "GC Thread#3"                     [id=30880, stack(0x0000001d41d00000,0x0000001d41e00000) (1024K)]
  0x0000020bcb2b1280 WorkerThread "GC Thread#4"                     [id=13676, stack(0x0000001d41e00000,0x0000001d41f00000) (1024K)]
  0x0000020bcb2b1e40 WorkerThread "GC Thread#5"                     [id=25824, stack(0x0000001d41f00000,0x0000001d42000000) (1024K)]
  0x0000020bcb2b21f0 WorkerThread "GC Thread#6"                     [id=14768, stack(0x0000001d42000000,0x0000001d42100000) (1024K)]
  0x0000020bcb458f20 WorkerThread "GC Thread#7"                     [id=14148, stack(0x0000001d42300000,0x0000001d42400000) (1024K)]
  0x0000020bcbbc7200 WorkerThread "GC Thread#8"                     [id=40412, stack(0x0000001d42700000,0x0000001d42800000) (1024K)]
  0x0000020bcbe045a0 WorkerThread "GC Thread#9"                     [id=32220, stack(0x0000001d42800000,0x0000001d42900000) (1024K)]
Total: 12

Threads with active compile tasks:
Total: 0

VM state: not at safepoint (normal execution)

VM Mutex/Monitor currently owned by a thread: None

Heap address: 0x0000000080000000, size: 2048 MB, Compressed Oops mode: 32-bit

CDS archive(s) mapped at: [0x0000020b84000000-0x0000020b84ba0000-0x0000020b84ba0000), size 12189696, SharedBaseAddress: 0x0000020b84000000, ArchiveRelocationMode: 1.
Compressed class space mapped at: 0x0000020b85000000-0x0000020bc5000000, reserved size: 1073741824
Narrow klass base: 0x0000020b84000000, Narrow klass shift: 0, Narrow klass range: 0x100000000

GC Precious Log:
 CardTable entry size: 512
 CPUs: 12 total, 12 available
 Memory: 7835M
 Large Page Support: Disabled
 NUMA Support: Disabled
 Compressed Oops: Enabled (32-bit)
 Alignments: Space 512K, Generation 512K, Heap 2M
 Heap Min Capacity: 100M
 Heap Initial Capacity: 100M
 Heap Max Capacity: 2G
 Pre-touch: Disabled
 Parallel Workers: 10

Heap:
 PSYoungGen      total 6656K, used 4213K [0x00000000d5580000, 0x00000000d5e80000, 0x0000000100000000)
  eden space 5632K, 57% used [0x00000000d5580000,0x00000000d58a54c8,0x00000000d5b00000)
  from space 1024K, 96% used [0x00000000d5c80000,0x00000000d5d78000,0x00000000d5d80000)
  to   space 1536K, 0% used [0x00000000d5b00000,0x00000000d5b00000,0x00000000d5c80000)
 ParOldGen       total 194560K, used 194120K [0x0000000080000000, 0x000000008be00000, 0x00000000d5580000)
  object space 194560K, 99% used [0x0000000080000000,0x000000008bd923d0,0x000000008be00000)
 Metaspace       used 79190K, committed 80960K, reserved 1179648K
  class space    used 8593K, committed 9344K, reserved 1048576K

Card table byte_map: [0x0000020bfedc0000,0x0000020bff1d0000] _byte_map_base: 0x0000020bfe9c0000

Marking Bits: (ParMarkBitMap*) 0x00007ffeb13a3450
 Begin Bits: [0x0000020b80000000, 0x0000020b82000000)
 End Bits:   [0x0000020b82000000, 0x0000020b84000000)

Polling page: 0x0000020beb160000

Metaspace:

Usage:
  Non-class:     68.94 MB used.
      Class:      8.39 MB used.
       Both:     77.33 MB used.

Virtual space:
  Non-class space:      128.00 MB reserved,      69.94 MB ( 55%) committed,  2 nodes.
      Class space:        1.00 GB reserved,       9.12 MB ( <1%) committed,  1 nodes.
             Both:        1.12 GB reserved,      79.06 MB (  7%) committed. 

Chunk freelists:
   Non-Class:  9.48 MB
       Class:  6.81 MB
        Both:  16.30 MB

MaxMetaspaceSize: unlimited
CompressedClassSpaceSize: 1.00 GB
Initial GC threshold: 21.00 MB
Current GC threshold: 97.31 MB
CDS: on
 - commit_granule_bytes: 65536.
 - commit_granule_words: 8192.
 - virtual_space_node_default_size: 8388608.
 - enlarge_chunks_in_place: 1.
 - use_allocation_guard: 0.


Internal statistics:

num_allocs_failed_limit: 9.
num_arena_births: 1390.
num_arena_deaths: 14.
num_vsnodes_births: 3.
num_vsnodes_deaths: 0.
num_space_committed: 1265.
num_space_uncommitted: 0.
num_chunks_returned_to_freelist: 23.
num_chunks_taken_from_freelist: 4987.
num_chunk_merges: 15.
num_chunk_splits: 3130.
num_chunks_enlarged: 1821.
num_inconsistent_stats: 0.

CodeHeap 'non-profiled nmethods': size=120000Kb used=9733Kb max_used=9733Kb free=110266Kb
 bounds [0x0000020bf76b0000, 0x0000020bf8040000, 0x0000020bfebe0000]
CodeHeap 'profiled nmethods': size=120000Kb used=28525Kb max_used=28525Kb free=91474Kb
 bounds [0x0000020befbe0000, 0x0000020bf17c0000, 0x0000020bf7110000]
CodeHeap 'non-nmethods': size=5760Kb used=1494Kb max_used=1567Kb free=4265Kb
 bounds [0x0000020bf7110000, 0x0000020bf7380000, 0x0000020bf76b0000]
CodeCache: size=245760Kb, used=39752Kb, max_used=39825Kb, free=206005Kb
 total_blobs=13573, nmethods=12756, adapters=721, full_count=0
Compilation: enabled, stopped_count=0, restarted_count=0

Compilation events (20 events):
Event: 10967.536 Thread 0x0000020bc5f28aa0 13472       3       java.lang.ref.ReferenceQueue::await (15 bytes)
Event: 10967.579 Thread 0x0000020bc5f28aa0 nmethod 13472 0x0000020bf17b6a90 code [0x0000020bf17b6c40, 0x0000020bf17b6de0]
Event: 11059.319 Thread 0x0000020bc5f28aa0 13473       1       com.sun.jna.internal.Cleaner::access$200 (5 bytes)
Event: 11059.355 Thread 0x0000020bc5f28aa0 nmethod 13473 0x0000020bf8030d10 code [0x0000020bf8030ea0, 0x0000020bf8030f50]
Event: 11061.648 Thread 0x0000020bc5f28aa0 13474       3       org.eclipse.jdt.ls.core.internal.ParentProcessWatcher::parentProcessStillRunning (62 bytes)
Event: 11061.724 Thread 0x0000020bc5f28aa0 nmethod 13474 0x0000020bf17b6f10 code [0x0000020bf17b7140, 0x0000020bf17b7828]
Event: 11180.837 Thread 0x0000020bc5f28aa0 13475       3       org.eclipse.core.internal.jobs.JobManager::startJob (89 bytes)
Event: 11180.918 Thread 0x0000020bc5f28aa0 nmethod 13475 0x0000020bf17b7a90 code [0x0000020bf17b7d40, 0x0000020bf17b8ba0]
Event: 11240.759 Thread 0x0000020bc5f28aa0 13477   !   3       org.eclipse.core.internal.jobs.JobManager::sleepHint (67 bytes)
Event: 11240.818 Thread 0x0000020bc5f28aa0 nmethod 13477 0x0000020bf17b9010 code [0x0000020bf17b9280, 0x0000020bf17b9d50]
Event: 11240.818 Thread 0x0000020bc5f28aa0 13478       3       org.eclipse.core.internal.jobs.JobQueue::isEmpty (18 bytes)
Event: 11240.820 Thread 0x0000020bc5f28aa0 nmethod 13478 0x0000020bf17ba210 code [0x0000020bf17ba3c0, 0x0000020bf17ba550]
Event: 11780.990 Thread 0x0000020bc5f22fd0 13479       4       jdk.internal.misc.Unsafe::weakCompareAndSetLong (11 bytes)
Event: 11781.016 Thread 0x0000020bc5f22fd0 nmethod 13479 0x0000020bf8031010 code [0x0000020bf80311a0, 0x0000020bf8031240]
Event: 12140.817 Thread 0x0000020bc5f28aa0 13480  s!   3       org.eclipse.core.internal.jobs.WorkerPool::sleep (124 bytes)
Event: 12140.858 Thread 0x0000020bc5f28aa0 nmethod 13480 0x0000020bf17ba610 code [0x0000020bf17ba820, 0x0000020bf17bad38]
Event: 12140.925 Thread 0x0000020bc5f28aa0 13481       1       org.eclipse.core.internal.jobs.InternalJob::getListeners (5 bytes)
Event: 12140.930 Thread 0x0000020bc5f28aa0 nmethod 13481 0x0000020bf8031310 code [0x0000020bf80314a0, 0x0000020bf8031568]
Event: 12618.207 Thread 0x0000020bc5f28aa0 13482       3       java.lang.ref.ReferenceQueue::remove0 (64 bytes)
Event: 12618.243 Thread 0x0000020bc5f28aa0 nmethod 13482 0x0000020bf17baf10 code [0x0000020bf17bb120, 0x0000020bf17bb5a0]

GC Heap History (20 events):
Event: 203.286 GC heap before
{Heap before GC invocations=406 (full 3):
 PSYoungGen      total 6656K, used 6434K [0x00000000d5580000, 0x00000000d5d00000, 0x0000000100000000)
  eden space 6144K, 100% used [0x00000000d5580000,0x00000000d5b80000,0x00000000d5b80000)
  from space 512K, 56% used [0x00000000d5c80000,0x00000000d5cc8940,0x00000000d5d00000)
  to   space 512K, 0% used [0x00000000d5b80000,0x00000000d5b80000,0x00000000d5c00000)
 ParOldGen       total 192512K, used 192132K [0x0000000080000000, 0x000000008bc00000, 0x00000000d5580000)
  object space 192512K, 99% used [0x0000000080000000,0x000000008bba1190,0x000000008bc00000)
 Metaspace       used 77880K, committed 79616K, reserved 1179648K
  class space    used 8447K, committed 9216K, reserved 1048576K
}
Event: 203.287 GC heap after
{Heap after GC invocations=406 (full 3):
 PSYoungGen      total 6656K, used 320K [0x00000000d5580000, 0x00000000d5d00000, 0x0000000100000000)
  eden space 6144K, 0% used [0x00000000d5580000,0x00000000d5580000,0x00000000d5b80000)
  from space 512K, 62% used [0x00000000d5b80000,0x00000000d5bd0000,0x00000000d5c00000)
  to   space 512K, 0% used [0x00000000d5c80000,0x00000000d5c80000,0x00000000d5d00000)
 ParOldGen       total 192512K, used 192188K [0x0000000080000000, 0x000000008bc00000, 0x00000000d5580000)
  object space 192512K, 99% used [0x0000000080000000,0x000000008bbaf190,0x000000008bc00000)
 Metaspace       used 77880K, committed 79616K, reserved 1179648K
  class space    used 8447K, committed 9216K, reserved 1048576K
}
Event: 203.315 GC heap before
{Heap before GC invocations=407 (full 3):
 PSYoungGen      total 6656K, used 6464K [0x00000000d5580000, 0x00000000d5d00000, 0x0000000100000000)
  eden space 6144K, 100% used [0x00000000d5580000,0x00000000d5b80000,0x00000000d5b80000)
  from space 512K, 62% used [0x00000000d5b80000,0x00000000d5bd0000,0x00000000d5c00000)
  to   space 512K, 0% used [0x00000000d5c80000,0x00000000d5c80000,0x00000000d5d00000)
 ParOldGen       total 192512K, used 192188K [0x0000000080000000, 0x000000008bc00000, 0x00000000d5580000)
  object space 192512K, 99% used [0x0000000080000000,0x000000008bbaf190,0x000000008bc00000)
 Metaspace       used 77883K, committed 79616K, reserved 1179648K
  class space    used 8447K, committed 9216K, reserved 1048576K
}
Event: 203.316 GC heap after
{Heap after GC invocations=407 (full 3):
 PSYoungGen      total 6656K, used 320K [0x00000000d5580000, 0x00000000d5d00000, 0x0000000100000000)
  eden space 6144K, 0% used [0x00000000d5580000,0x00000000d5580000,0x00000000d5b80000)
  from space 512K, 62% used [0x00000000d5c80000,0x00000000d5cd0000,0x00000000d5d00000)
  to   space 512K, 0% used [0x00000000d5b80000,0x00000000d5b80000,0x00000000d5c00000)
 ParOldGen       total 192512K, used 192292K [0x0000000080000000, 0x000000008bc00000, 0x00000000d5580000)
  object space 192512K, 99% used [0x0000000080000000,0x000000008bbc9190,0x000000008bc00000)
 Metaspace       used 77883K, committed 79616K, reserved 1179648K
  class space    used 8447K, committed 9216K, reserved 1048576K
}
Event: 203.333 GC heap before
{Heap before GC invocations=408 (full 3):
 PSYoungGen      total 6656K, used 6464K [0x00000000d5580000, 0x00000000d5d00000, 0x0000000100000000)
  eden space 6144K, 100% used [0x00000000d5580000,0x00000000d5b80000,0x00000000d5b80000)
  from space 512K, 62% used [0x00000000d5c80000,0x00000000d5cd0000,0x00000000d5d00000)
  to   space 512K, 0% used [0x00000000d5b80000,0x00000000d5b80000,0x00000000d5c00000)
 ParOldGen       total 192512K, used 192292K [0x0000000080000000, 0x000000008bc00000, 0x00000000d5580000)
  object space 192512K, 99% used [0x0000000080000000,0x000000008bbc9190,0x000000008bc00000)
 Metaspace       used 77895K, committed 79616K, reserved 1179648K
  class space    used 8447K, committed 9216K, reserved 1048576K
}
Event: 203.334 GC heap after
{Heap after GC invocations=408 (full 3):
 PSYoungGen      total 6656K, used 331K [0x00000000d5580000, 0x00000000d5d00000, 0x0000000100000000)
  eden space 6144K, 0% used [0x00000000d5580000,0x00000000d5580000,0x00000000d5b80000)
  from space 512K, 64% used [0x00000000d5b80000,0x00000000d5bd2ec8,0x00000000d5c00000)
  to   space 512K, 0% used [0x00000000d5c80000,0x00000000d5c80000,0x00000000d5d00000)
 ParOldGen       total 192512K, used 192380K [0x0000000080000000, 0x000000008bc00000, 0x00000000d5580000)
  object space 192512K, 99% used [0x0000000080000000,0x000000008bbdf1a0,0x000000008bc00000)
 Metaspace       used 77895K, committed 79616K, reserved 1179648K
  class space    used 8447K, committed 9216K, reserved 1048576K
}
Event: 203.353 GC heap before
{Heap before GC invocations=409 (full 3):
 PSYoungGen      total 6656K, used 6475K [0x00000000d5580000, 0x00000000d5d00000, 0x0000000100000000)
  eden space 6144K, 100% used [0x00000000d5580000,0x00000000d5b80000,0x00000000d5b80000)
  from space 512K, 64% used [0x00000000d5b80000,0x00000000d5bd2ec8,0x00000000d5c00000)
  to   space 512K, 0% used [0x00000000d5c80000,0x00000000d5c80000,0x00000000d5d00000)
 ParOldGen       total 192512K, used 192380K [0x0000000080000000, 0x000000008bc00000, 0x00000000d5580000)
  object space 192512K, 99% used [0x0000000080000000,0x000000008bbdf1a0,0x000000008bc00000)
 Metaspace       used 77898K, committed 79616K, reserved 1179648K
  class space    used 8447K, committed 9216K, reserved 1048576K
}
Event: 203.354 GC heap after
{Heap after GC invocations=409 (full 3):
 PSYoungGen      total 6656K, used 482K [0x00000000d5580000, 0x00000000d5d80000, 0x0000000100000000)
  eden space 6144K, 0% used [0x00000000d5580000,0x00000000d5580000,0x00000000d5b80000)
  from space 512K, 94% used [0x00000000d5c80000,0x00000000d5cf8b40,0x00000000d5d00000)
  to   space 1024K, 0% used [0x00000000d5b80000,0x00000000d5b80000,0x00000000d5c80000)
 ParOldGen       total 192512K, used 192468K [0x0000000080000000, 0x000000008bc00000, 0x00000000d5580000)
  object space 192512K, 99% used [0x0000000080000000,0x000000008bbf51a0,0x000000008bc00000)
 Metaspace       used 77898K, committed 79616K, reserved 1179648K
  class space    used 8447K, committed 9216K, reserved 1048576K
}
Event: 203.377 GC heap before
{Heap before GC invocations=410 (full 3):
 PSYoungGen      total 6656K, used 6544K [0x00000000d5580000, 0x00000000d5d80000, 0x0000000100000000)
  eden space 6144K, 98% used [0x00000000d5580000,0x00000000d5b6b4c8,0x00000000d5b80000)
  from space 512K, 94% used [0x00000000d5c80000,0x00000000d5cf8b40,0x00000000d5d00000)
  to   space 1024K, 0% used [0x00000000d5b80000,0x00000000d5b80000,0x00000000d5c80000)
 ParOldGen       total 192512K, used 192468K [0x0000000080000000, 0x000000008bc00000, 0x00000000d5580000)
  object space 192512K, 99% used [0x0000000080000000,0x000000008bbf51a0,0x000000008bc00000)
 Metaspace       used 77957K, committed 79680K, reserved 1179648K
  class space    used 8450K, committed 9216K, reserved 1048576K
}
Event: 203.379 GC heap after
{Heap after GC invocations=410 (full 3):
 PSYoungGen      total 7168K, used 1019K [0x00000000d5580000, 0x00000000d5e80000, 0x0000000100000000)
  eden space 6144K, 0% used [0x00000000d5580000,0x00000000d5580000,0x00000000d5b80000)
  from space 1024K, 99% used [0x00000000d5b80000,0x00000000d5c7ee78,0x00000000d5c80000)
  to   space 1536K, 0% used [0x00000000d5d00000,0x00000000d5d00000,0x00000000d5e80000)
 ParOldGen       total 193024K, used 192772K [0x0000000080000000, 0x000000008bc80000, 0x00000000d5580000)
  object space 193024K, 99% used [0x0000000080000000,0x000000008bc411c0,0x000000008bc80000)
 Metaspace       used 77957K, committed 79680K, reserved 1179648K
  class space    used 8450K, committed 9216K, reserved 1048576K
}
Event: 203.410 GC heap before
{Heap before GC invocations=411 (full 3):
 PSYoungGen      total 7168K, used 7163K [0x00000000d5580000, 0x00000000d5e80000, 0x0000000100000000)
  eden space 6144K, 100% used [0x00000000d5580000,0x00000000d5b80000,0x00000000d5b80000)
  from space 1024K, 99% used [0x00000000d5b80000,0x00000000d5c7ee78,0x00000000d5c80000)
  to   space 1536K, 0% used [0x00000000d5d00000,0x00000000d5d00000,0x00000000d5e80000)
 ParOldGen       total 193024K, used 192772K [0x0000000080000000, 0x000000008bc80000, 0x00000000d5580000)
  object space 193024K, 99% used [0x0000000080000000,0x000000008bc411c0,0x000000008bc80000)
 Metaspace       used 77998K, committed 79744K, reserved 1179648K
  class space    used 8456K, committed 9216K, reserved 1048576K
}
Event: 203.411 GC heap after
{Heap after GC invocations=411 (full 3):
 PSYoungGen      total 6656K, used 288K [0x00000000d5580000, 0x00000000d5d80000, 0x0000000100000000)
  eden space 6144K, 0% used [0x00000000d5580000,0x00000000d5580000,0x00000000d5b80000)
  from space 512K, 56% used [0x00000000d5d00000,0x00000000d5d48000,0x00000000d5d80000)
  to   space 1024K, 0% used [0x00000000d5b80000,0x00000000d5b80000,0x00000000d5c80000)
 ParOldGen       total 193024K, used 192972K [0x0000000080000000, 0x000000008bc80000, 0x00000000d5580000)
  object space 193024K, 99% used [0x0000000080000000,0x000000008bc731c0,0x000000008bc80000)
 Metaspace       used 77998K, committed 79744K, reserved 1179648K
  class space    used 8456K, committed 9216K, reserved 1048576K
}
Event: 203.451 GC heap before
{Heap before GC invocations=412 (full 3):
 PSYoungGen      total 6656K, used 6432K [0x00000000d5580000, 0x00000000d5d80000, 0x0000000100000000)
  eden space 6144K, 100% used [0x00000000d5580000,0x00000000d5b80000,0x00000000d5b80000)
  from space 512K, 56% used [0x00000000d5d00000,0x00000000d5d48000,0x00000000d5d80000)
  to   space 1024K, 0% used [0x00000000d5b80000,0x00000000d5b80000,0x00000000d5c80000)
 ParOldGen       total 193024K, used 192972K [0x0000000080000000, 0x000000008bc80000, 0x00000000d5580000)
  object space 193024K, 99% used [0x0000000080000000,0x000000008bc731c0,0x000000008bc80000)
 Metaspace       used 78008K, committed 79744K, reserved 1179648K
  class space    used 8456K, committed 9216K, reserved 1048576K
}
Event: 203.453 GC heap after
{Heap after GC invocations=412 (full 3):
 PSYoungGen      total 7168K, used 724K [0x00000000d5580000, 0x00000000d5d80000, 0x0000000100000000)
  eden space 6144K, 0% used [0x00000000d5580000,0x00000000d5580000,0x00000000d5b80000)
  from space 1024K, 70% used [0x00000000d5b80000,0x00000000d5c35200,0x00000000d5c80000)
  to   space 1024K, 0% used [0x00000000d5c80000,0x00000000d5c80000,0x00000000d5d80000)
 ParOldGen       total 193536K, used 193092K [0x0000000080000000, 0x000000008bd00000, 0x00000000d5580000)
  object space 193536K, 99% used [0x0000000080000000,0x000000008bc911c0,0x000000008bd00000)
 Metaspace       used 78008K, committed 79744K, reserved 1179648K
  class space    used 8456K, committed 9216K, reserved 1048576K
}
Event: 203.711 GC heap before
{Heap before GC invocations=413 (full 3):
 PSYoungGen      total 7168K, used 6864K [0x00000000d5580000, 0x00000000d5d80000, 0x0000000100000000)
  eden space 6144K, 99% used [0x00000000d5580000,0x00000000d5b7ee00,0x00000000d5b80000)
  from space 1024K, 70% used [0x00000000d5b80000,0x00000000d5c35200,0x00000000d5c80000)
  to   space 1024K, 0% used [0x00000000d5c80000,0x00000000d5c80000,0x00000000d5d80000)
 ParOldGen       total 193536K, used 193092K [0x0000000080000000, 0x000000008bd00000, 0x00000000d5580000)
  object space 193536K, 99% used [0x0000000080000000,0x000000008bc911c0,0x000000008bd00000)
 Metaspace       used 78213K, committed 79936K, reserved 1179648K
  class space    used 8476K, committed 9216K, reserved 1048576K
}
Event: 203.712 GC heap after
{Heap after GC invocations=413 (full 3):
 PSYoungGen      total 6656K, used 320K [0x00000000d5580000, 0x00000000d5d00000, 0x0000000100000000)
  eden space 6144K, 0% used [0x00000000d5580000,0x00000000d5580000,0x00000000d5b80000)
  from space 512K, 62% used [0x00000000d5c80000,0x00000000d5cd0000,0x00000000d5d00000)
  to   space 512K, 0% used [0x00000000d5c00000,0x00000000d5c00000,0x00000000d5c80000)
 ParOldGen       total 194048K, used 193616K [0x0000000080000000, 0x000000008bd80000, 0x00000000d5580000)
  object space 194048K, 99% used [0x0000000080000000,0x000000008bd143c0,0x000000008bd80000)
 Metaspace       used 78213K, committed 79936K, reserved 1179648K
  class space    used 8476K, committed 9216K, reserved 1048576K
}
Event: 203.967 GC heap before
{Heap before GC invocations=414 (full 3):
 PSYoungGen      total 6656K, used 6464K [0x00000000d5580000, 0x00000000d5d00000, 0x0000000100000000)
  eden space 6144K, 100% used [0x00000000d5580000,0x00000000d5b80000,0x00000000d5b80000)
  from space 512K, 62% used [0x00000000d5c80000,0x00000000d5cd0000,0x00000000d5d00000)
  to   space 512K, 0% used [0x00000000d5c00000,0x00000000d5c00000,0x00000000d5c80000)
 ParOldGen       total 194048K, used 193616K [0x0000000080000000, 0x000000008bd80000, 0x00000000d5580000)
  object space 194048K, 99% used [0x0000000080000000,0x000000008bd143c0,0x000000008bd80000)
 Metaspace       used 78735K, committed 80512K, reserved 1179648K
  class space    used 8536K, committed 9280K, reserved 1048576K
}
Event: 203.969 GC heap after
{Heap after GC invocations=414 (full 3):
 PSYoungGen      total 6656K, used 512K [0x00000000d5580000, 0x00000000d5d80000, 0x0000000100000000)
  eden space 6144K, 0% used [0x00000000d5580000,0x00000000d5580000,0x00000000d5b80000)
  from space 512K, 100% used [0x00000000d5c00000,0x00000000d5c80000,0x00000000d5c80000)
  to   space 1024K, 0% used [0x00000000d5c80000,0x00000000d5c80000,0x00000000d5d80000)
 ParOldGen       total 194048K, used 193824K [0x0000000080000000, 0x000000008bd80000, 0x00000000d5580000)
  object space 194048K, 99% used [0x0000000080000000,0x000000008bd483c0,0x000000008bd80000)
 Metaspace       used 78735K, committed 80512K, reserved 1179648K
  class space    used 8536K, committed 9280K, reserved 1048576K
}
Event: 204.109 GC heap before
{Heap before GC invocations=415 (full 3):
 PSYoungGen      total 6656K, used 6656K [0x00000000d5580000, 0x00000000d5d80000, 0x0000000100000000)
  eden space 6144K, 100% used [0x00000000d5580000,0x00000000d5b80000,0x00000000d5b80000)
  from space 512K, 100% used [0x00000000d5c00000,0x00000000d5c80000,0x00000000d5c80000)
  to   space 1024K, 0% used [0x00000000d5c80000,0x00000000d5c80000,0x00000000d5d80000)
 ParOldGen       total 194048K, used 193824K [0x0000000080000000, 0x000000008bd80000, 0x00000000d5580000)
  object space 194048K, 99% used [0x0000000080000000,0x000000008bd483c0,0x000000008bd80000)
 Metaspace       used 78845K, committed 80576K, reserved 1179648K
  class space    used 8555K, committed 9280K, reserved 1048576K
}
Event: 204.110 GC heap after
{Heap after GC invocations=415 (full 3):
 PSYoungGen      total 6656K, used 992K [0x00000000d5580000, 0x00000000d5e80000, 0x0000000100000000)
  eden space 5632K, 0% used [0x00000000d5580000,0x00000000d5580000,0x00000000d5b00000)
  from space 1024K, 96% used [0x00000000d5c80000,0x00000000d5d78000,0x00000000d5d80000)
  to   space 1536K, 0% used [0x00000000d5b00000,0x00000000d5b00000,0x00000000d5c80000)
 ParOldGen       total 194560K, used 194120K [0x0000000080000000, 0x000000008be00000, 0x00000000d5580000)
  object space 194560K, 99% used [0x0000000080000000,0x000000008bd923d0,0x000000008be00000)
 Metaspace       used 78845K, committed 80576K, reserved 1179648K
  class space    used 8555K, committed 9280K, reserved 1048576K
}

Dll operation events (12 events):
Event: 0.012 Loaded shared library c:\Users\drabo\.vscode\extensions\redhat.java-1.54.0-win32-x64\jre\21.0.10-win32-x86_64\bin\java.dll
Event: 0.075 Loaded shared library c:\Users\drabo\.vscode\extensions\redhat.java-1.54.0-win32-x64\jre\21.0.10-win32-x86_64\bin\zip.dll
Event: 0.090 Loaded shared library C:\Users\drabo\.vscode\extensions\redhat.java-1.54.0-win32-x64\jre\21.0.10-win32-x86_64\bin\instrument.dll
Event: 0.095 Loaded shared library C:\Users\drabo\.vscode\extensions\redhat.java-1.54.0-win32-x64\jre\21.0.10-win32-x86_64\bin\net.dll
Event: 0.098 Loaded shared library C:\Users\drabo\.vscode\extensions\redhat.java-1.54.0-win32-x64\jre\21.0.10-win32-x86_64\bin\nio.dll
Event: 0.103 Loaded shared library C:\Users\drabo\.vscode\extensions\redhat.java-1.54.0-win32-x64\jre\21.0.10-win32-x86_64\bin\zip.dll
Event: 0.121 Loaded shared library C:\Users\drabo\.vscode\extensions\redhat.java-1.54.0-win32-x64\jre\21.0.10-win32-x86_64\bin\jimage.dll
Event: 0.196 Loaded shared library c:\Users\drabo\.vscode\extensions\redhat.java-1.54.0-win32-x64\jre\21.0.10-win32-x86_64\bin\verify.dll
Event: 2.237 Loaded shared library C:\Users\drabo\AppData\Roaming\Code\User\globalStorage\redhat.java\1.54.0\config_win\org.eclipse.equinox.launcher\org.eclipse.equinox.launcher.win32.win32.x86_64_1.3.0.v20260203-2149\eclipse_11919.dll
Event: 5.871 Loaded shared library C:\Users\drabo\AppData\Local\Temp\jna-95844640\jna10738881496156854878.dll
Event: 199.538 Loaded shared library C:\Users\drabo\.vscode\extensions\redhat.java-1.54.0-win32-x64\jre\21.0.10-win32-x86_64\bin\extnet.dll
Event: 199.690 Loaded shared library C:\Users\drabo\.vscode\extensions\redhat.java-1.54.0-win32-x64\jre\21.0.10-win32-x86_64\bin\sunmscapi.dll

Deoptimization events (20 events):
Event: 7638.418 Thread 0x0000020bcdd38e70 Uncommon trap: trap_request=0xffffff45 fr.pc=0x0000020bf79b2f74 relative=0x00000000000000d4
Event: 7638.419 Thread 0x0000020bcdd38e70 Uncommon trap: reason=unstable_if action=reinterpret pc=0x0000020bf79b2f74 method=java.util.stream.AbstractPipeline.sourceSpliterator(I)Ljava/util/Spliterator; @ 82 c2
Event: 7638.419 Thread 0x0000020bcdd38e70 DEOPT PACKING pc=0x0000020bf79b2f74 sp=0x0000001d40bfec30
Event: 7638.419 Thread 0x0000020bcdd38e70 DEOPT UNPACKING pc=0x0000020bf7163aa2 sp=0x0000001d40bfeb90 mode 2
Event: 7639.320 Thread 0x0000020bcdd38e70 DEOPT PACKING pc=0x0000020bf0a58b44 sp=0x0000001d40bfee70
Event: 7639.321 Thread 0x0000020bcdd38e70 DEOPT UNPACKING pc=0x0000020bf7164242 sp=0x0000001d40bfe320 mode 0
Event: 7640.052 Thread 0x0000020bcbc6d1b0 Uncommon trap: trap_request=0xfffffff4 fr.pc=0x0000020bf7db588c relative=0x00000000000003cc
Event: 7640.052 Thread 0x0000020bcbc6d1b0 Uncommon trap: reason=null_check action=make_not_entrant pc=0x0000020bf7db588c method=org.eclipse.core.runtime.Path.equals(Ljava/lang/Object;)Z @ 8 c2
Event: 7640.052 Thread 0x0000020bcbc6d1b0 DEOPT PACKING pc=0x0000020bf7db588c sp=0x0000001d434fea10
Event: 7640.052 Thread 0x0000020bcbc6d1b0 DEOPT UNPACKING pc=0x0000020bf7163aa2 sp=0x0000001d434fe9a0 mode 2
Event: 7640.086 Thread 0x0000020bcbc6d1b0 Uncommon trap: trap_request=0xffffff45 fr.pc=0x0000020bf7f8f6c8 relative=0x0000000000000188
Event: 7640.086 Thread 0x0000020bcbc6d1b0 Uncommon trap: reason=unstable_if action=reinterpret pc=0x0000020bf7f8f6c8 method=java.io.ObjectOutputStream$HandleTable.lookup(Ljava/lang/Object;)I @ 4 c2
Event: 7640.086 Thread 0x0000020bcbc6d1b0 DEOPT PACKING pc=0x0000020bf7f8f6c8 sp=0x0000001d434fe920
Event: 7640.086 Thread 0x0000020bcbc6d1b0 DEOPT UNPACKING pc=0x0000020bf7163aa2 sp=0x0000001d434fe8b0 mode 2
Event: 7640.157 Thread 0x0000020bcbc6d1b0 Uncommon trap: trap_request=0xffffffde fr.pc=0x0000020bf7ba1af4 relative=0x00000000000003b4
Event: 7640.157 Thread 0x0000020bcbc6d1b0 Uncommon trap: reason=class_check action=maybe_recompile pc=0x0000020bf7ba1af4 method=java.io.DataOutputStream.writeInt(I)V @ 19 c2
Event: 7640.157 Thread 0x0000020bcbc6d1b0 DEOPT PACKING pc=0x0000020bf7ba1af4 sp=0x0000001d434fd550
Event: 7640.157 Thread 0x0000020bcbc6d1b0 DEOPT UNPACKING pc=0x0000020bf7163aa2 sp=0x0000001d434fd4f8 mode 2
Event: 7640.202 Thread 0x0000020bcbc6d1b0 DEOPT PACKING pc=0x0000020bf0e5f306 sp=0x0000001d434fe300
Event: 7640.202 Thread 0x0000020bcbc6d1b0 DEOPT UNPACKING pc=0x0000020bf7164242 sp=0x0000001d434fd858 mode 0

Classes loaded (20 events):
Event: 203.235 Loading class java/io/ObjectOutputStream$BlockDataOutputStream
Event: 203.236 Loading class java/io/ObjectOutputStream$BlockDataOutputStream done
Event: 203.236 Loading class java/io/ObjectOutputStream$HandleTable
Event: 203.236 Loading class java/io/ObjectOutputStream$HandleTable done
Event: 203.236 Loading class java/io/ObjectOutputStream$ReplaceTable
Event: 203.237 Loading class java/io/ObjectOutputStream$ReplaceTable done
Event: 203.263 Loading class java/util/concurrent/LinkedBlockingQueue$Itr
Event: 203.264 Loading class java/util/concurrent/LinkedBlockingQueue$Itr done
Event: 203.620 Loading class java/util/ImmutableCollections$SubList
Event: 203.620 Loading class java/util/ImmutableCollections$SubList done
Event: 7638.424 Loading class java/util/stream/Nodes$CollectorTask$OfRef
Event: 7638.472 Loading class java/util/stream/Nodes$CollectorTask
Event: 7638.553 Loading class java/util/stream/Nodes$CollectorTask done
Event: 7638.553 Loading class java/util/stream/Nodes$CollectorTask$OfRef done
Event: 7639.214 Loading class java/util/function/LongFunction
Event: 7639.221 Loading class java/util/function/LongFunction done
Event: 7639.266 Loading class java/util/stream/Nodes$ConcNode
Event: 7639.294 Loading class java/util/stream/Nodes$AbstractConcNode
Event: 7639.310 Loading class java/util/stream/Nodes$AbstractConcNode done
Event: 7639.310 Loading class java/util/stream/Nodes$ConcNode done

Classes unloaded (7 events):
Event: 6.406 Thread 0x0000020bffa94980 Unloading class 0x0000020b851a4c00 'java/lang/invoke/LambdaForm$MH+0x0000020b851a4c00'
Event: 6.406 Thread 0x0000020bffa94980 Unloading class 0x0000020b851a4800 'java/lang/invoke/LambdaForm$MH+0x0000020b851a4800'
Event: 6.406 Thread 0x0000020bffa94980 Unloading class 0x0000020b851a4400 'java/lang/invoke/LambdaForm$MH+0x0000020b851a4400'
Event: 6.406 Thread 0x0000020bffa94980 Unloading class 0x0000020b851a4000 'java/lang/invoke/LambdaForm$MH+0x0000020b851a4000'
Event: 6.406 Thread 0x0000020bffa94980 Unloading class 0x0000020b851a3c00 'java/lang/invoke/LambdaForm$BMH+0x0000020b851a3c00'
Event: 6.406 Thread 0x0000020bffa94980 Unloading class 0x0000020b851a3800 'java/lang/invoke/LambdaForm$DMH+0x0000020b851a3800'
Event: 6.406 Thread 0x0000020bffa94980 Unloading class 0x0000020b851a2400 'java/lang/invoke/LambdaForm$DMH+0x0000020b851a2400'

Classes redefined (0 events):
No events

Internal exceptions (20 events):
Event: 203.342 Thread 0x0000020bcd3d5a40 Exception <a 'sun/nio/fs/WindowsException'{0x00000000d5792830}> (0x00000000d5792830) 
thrown [s\src\hotspot\share\prims\jni.cpp, line 520]
Event: 203.342 Thread 0x0000020bcd3d5a40 Exception <a 'sun/nio/fs/WindowsException'{0x00000000d587f360}> (0x00000000d587f360) 
thrown [s\src\hotspot\share\prims\jni.cpp, line 520]
Event: 203.624 Thread 0x0000020bcbc6d1b0 Exception <a 'sun/nio/fs/WindowsException'{0x00000000d58feeb8}> (0x00000000d58feeb8) 
thrown [s\src\hotspot\share\prims\jni.cpp, line 520]
Event: 203.624 Thread 0x0000020bcbc6d1b0 Exception <a 'sun/nio/fs/WindowsException'{0x00000000d58ff748}> (0x00000000d58ff748) 
thrown [s\src\hotspot\share\prims\jni.cpp, line 520]
Event: 203.632 Thread 0x0000020bcbc6d1b0 Exception <a 'sun/nio/fs/WindowsException'{0x00000000d5965100}> (0x00000000d5965100) 
thrown [s\src\hotspot\share\prims\jni.cpp, line 520]
Event: 203.632 Thread 0x0000020bcbc6d1b0 Exception <a 'sun/nio/fs/WindowsException'{0x00000000d5965ea8}> (0x00000000d5965ea8) 
thrown [s\src\hotspot\share\prims\jni.cpp, line 520]
Event: 203.846 Thread 0x0000020bcbc6d1b0 Exception <a 'java/lang/NoSuchMethodError'{0x00000000d5a7b1a8}: 'java.lang.Object java.lang.invoke.DirectMethodHandle$Holder.invokeSpecial(java.lang.Object, java.lang.Object, int, java.lang.Object, java.lang.Object, java.lang.Object, java.lang.Object)'> (0x00000000d5a7b1a8) 
thrown [s\src\hotspot\share\interpreter\linkResolver.cpp, line 773]
Event: 203.848 Thread 0x0000020bcbc6d1b0 Exception <a 'java/lang/NoSuchMethodError'{0x00000000d5a826f0}: 'java.lang.Object java.lang.invoke.DirectMethodHandle$Holder.newInvokeSpecial(java.lang.Object, java.lang.Object, int, java.lang.Object, java.lang.Object)'> (0x00000000d5a826f0) 
thrown [s\src\hotspot\share\interpreter\linkResolver.cpp, line 773]
Event: 203.853 Thread 0x0000020bcbc6d1b0 Exception <a 'java/lang/NoSuchMethodError'{0x00000000d5a9d168}: 'java.lang.Object java.lang.invoke.DirectMethodHandle$Holder.invokeSpecial(java.lang.Object, java.lang.Object, java.lang.Object, int, java.lang.Object, java.lang.Object, java.lang.Object)'> (0x00000000d5a9d168) 
thrown [s\src\hotspot\share\interpreter\linkResolver.cpp, line 773]
Event: 203.855 Thread 0x0000020bcbc6d1b0 Exception <a 'java/lang/NoSuchMethodError'{0x00000000d5aa57a0}: 'java.lang.Object java.lang.invoke.DirectMethodHandle$Holder.invokeStatic(java.lang.Object, java.lang.Object, int, java.lang.Object, java.lang.Object)'> (0x00000000d5aa57a0) 
thrown [s\src\hotspot\share\interpreter\linkResolver.cpp, line 773]
Event: 203.922 Thread 0x0000020bcbc6d1b0 Exception <a 'java/lang/NoSuchMethodError'{0x00000000d5b287a8}: 'void java.lang.invoke.DirectMethodHandle$Holder.invokeStatic(java.lang.Object, int)'> (0x00000000d5b287a8) 
thrown [s\src\hotspot\share\interpreter\linkResolver.cpp, line 773]
Event: 204.124 Thread 0x0000020bcbc6d1b0 Exception <a 'java/io/FileNotFoundException'{0x00000000d55f20f0}> (0x00000000d55f20f0) 
thrown [s\src\hotspot\share\prims\jni.cpp, line 520]
Event: 204.126 Thread 0x0000020bcbc6d1b0 Exception <a 'java/io/FileNotFoundException'{0x00000000d55f3618}> (0x00000000d55f3618) 
thrown [s\src\hotspot\share\prims\jni.cpp, line 520]
Event: 204.126 Thread 0x0000020bcbc6d1b0 Exception <a 'java/io/FileNotFoundException'{0x00000000d55f49e0}> (0x00000000d55f49e0) 
thrown [s\src\hotspot\share\prims\jni.cpp, line 520]
Event: 204.139 Thread 0x0000020bcbc6d1b0 Exception <a 'java/lang/NoSuchMethodError'{0x00000000d5657c18}: 'int java.lang.invoke.DirectMethodHandle$Holder.invokeStatic(java.lang.Object, java.lang.Object, java.lang.Object, java.lang.Object, java.lang.Object, java.lang.Object)'> (0x00000000d5657c18) 
thrown [s\src\hotspot\share\interpreter\linkResolver.cpp, line 773]
Event: 7640.037 Thread 0x0000020bcbc6d1b0 Exception <a 'sun/nio/fs/WindowsException'{0x00000000d5780bd8}> (0x00000000d5780bd8) 
thrown [s\src\hotspot\share\prims\jni.cpp, line 520]
Event: 7640.039 Thread 0x0000020bcbc6d1b0 Exception <a 'sun/nio/fs/WindowsException'{0x00000000d57814d8}> (0x00000000d57814d8) 
thrown [s\src\hotspot\share\prims\jni.cpp, line 520]
Event: 7640.052 Thread 0x0000020bcbc6d1b0 Implicit null exception at 0x0000020bf7db5506 to 0x0000020bf7db587c
Event: 7640.157 Thread 0x0000020bcbc6d1b0 Exception <a 'java/lang/NoSuchMethodError'{0x00000000d57fc9f0}: static [J.<clinit>()V> (0x00000000d57fc9f0) 
thrown [s\src\hotspot\share\prims\jni.cpp, line 1111]
Event: 7640.194 Thread 0x0000020bcbc6d1b0 Exception <a 'java/lang/NoSuchMethodError'{0x00000000d582d078}: 'java.lang.Object java.lang.invoke.DirectMethodHandle$Holder.newInvokeSpecial(java.lang.Object, java.lang.Object, java.lang.Object, java.lang.Object, java.lang.Object, java.lang.Object, java.lang.Object, java.lang.Object)'> (0x00000000d582d078) 
thrown [s\src\hotspot\share\interpreter\linkResolver.cpp, line 773]

ZGC Phase Switch (0 events):
No events

VM Operations (20 events):
Event: 12601.813 Executing non-safepoint VM operation: HandshakeAllThreads (HandshakeForDeflation)
Event: 12601.817 Executing non-safepoint VM operation: HandshakeAllThreads (HandshakeForDeflation) done
Event: 12601.818 Executing non-safepoint VM operation: RendezvousGCThreads
Event: 12601.818 Executing non-safepoint VM operation: RendezvousGCThreads done
Event: 12661.983 Executing non-safepoint VM operation: HandshakeAllThreads (HandshakeForDeflation)
Event: 12661.986 Executing non-safepoint VM operation: HandshakeAllThreads (HandshakeForDeflation) done
Event: 12661.986 Executing non-safepoint VM operation: RendezvousGCThreads
Event: 12661.986 Executing non-safepoint VM operation: RendezvousGCThreads done
Event: 12722.101 Executing non-safepoint VM operation: HandshakeAllThreads (HandshakeForDeflation)
Event: 12722.104 Executing non-safepoint VM operation: HandshakeAllThreads (HandshakeForDeflation) done
Event: 12722.105 Executing non-safepoint VM operation: RendezvousGCThreads
Event: 12722.105 Executing non-safepoint VM operation: RendezvousGCThreads done
Event: 12782.109 Executing non-safepoint VM operation: HandshakeAllThreads (HandshakeForDeflation)
Event: 12782.116 Executing non-safepoint VM operation: HandshakeAllThreads (HandshakeForDeflation) done
Event: 12782.116 Executing non-safepoint VM operation: RendezvousGCThreads
Event: 12782.116 Executing non-safepoint VM operation: RendezvousGCThreads done
Event: 12842.346 Executing non-safepoint VM operation: HandshakeAllThreads (HandshakeForDeflation)
Event: 12842.357 Executing non-safepoint VM operation: HandshakeAllThreads (HandshakeForDeflation) done
Event: 12842.358 Executing non-safepoint VM operation: RendezvousGCThreads
Event: 12842.358 Executing non-safepoint VM operation: RendezvousGCThreads done

Memory protections (0 events):
No events

Nmethod flushes (20 events):
Event: 30.903 Thread 0x0000020bffa94980 flushing  nmethod 0x0000020bf0442090
Event: 30.903 Thread 0x0000020bffa94980 flushing  nmethod 0x0000020bf0459510
Event: 30.903 Thread 0x0000020bffa94980 flushing  nmethod 0x0000020bf0459890
Event: 30.903 Thread 0x0000020bffa94980 flushing  nmethod 0x0000020bf0460210
Event: 30.903 Thread 0x0000020bffa94980 flushing  nmethod 0x0000020bf0461090
Event: 30.903 Thread 0x0000020bffa94980 flushing  nmethod 0x0000020bf0479e10
Event: 30.903 Thread 0x0000020bffa94980 flushing  nmethod 0x0000020bf047a410
Event: 30.903 Thread 0x0000020bffa94980 flushing  nmethod 0x0000020bf047ac90
Event: 30.903 Thread 0x0000020bffa94980 flushing  nmethod 0x0000020bf047e590
Event: 30.903 Thread 0x0000020bffa94980 flushing  nmethod 0x0000020bf047ec90
Event: 30.903 Thread 0x0000020bffa94980 flushing  nmethod 0x0000020bf047f690
Event: 30.903 Thread 0x0000020bffa94980 flushing  nmethod 0x0000020bf0482b10
Event: 30.903 Thread 0x0000020bffa94980 flushing  nmethod 0x0000020bf048dd10
Event: 30.903 Thread 0x0000020bffa94980 flushing  nmethod 0x0000020bf04c3390
Event: 30.903 Thread 0x0000020bffa94980 flushing  nmethod 0x0000020bf052eb90
Event: 30.903 Thread 0x0000020bffa94980 flushing  nmethod 0x0000020bf0530690
Event: 30.903 Thread 0x0000020bffa94980 flushing  nmethod 0x0000020bf0535710
Event: 30.903 Thread 0x0000020bffa94980 flushing  nmethod 0x0000020bf0537c90
Event: 30.903 Thread 0x0000020bffa94980 flushing  nmethod 0x0000020bf0557c10
Event: 30.903 Thread 0x0000020bffa94980 flushing  nmethod 0x0000020bf0558510

Events (20 events):
Event: 202.060 Thread 0x0000020bcd888940 Thread added: 0x0000020bcd889010
Event: 209.194 Thread 0x0000020bcd889010 Thread exited: 0x0000020bcd889010
Event: 209.195 Thread 0x0000020bcd888940 Thread exited: 0x0000020bcd888940
Event: 263.633 Thread 0x0000020bcd3d5a40 Thread exited: 0x0000020bcd3d5a40
Event: 323.640 Thread 0x0000020bcdd38e70 Thread exited: 0x0000020bcdd38e70
Event: 383.652 Thread 0x0000020bcd3d25c0 Thread exited: 0x0000020bcd3d25c0
Event: 7638.301 Thread 0x0000020bcbc6d1b0 Thread added: 0x0000020bcdd38e70
Event: 7639.327 Thread 0x0000020bcdd38e70 Thread exited: 0x0000020bcdd38e70
Event: 7640.061 Thread 0x0000020bcbc6d1b0 Thread added: 0x0000020bcdd38e70
Event: 7640.070 Thread 0x0000020bcdd38e70 Thread exited: 0x0000020bcdd38e70
Event: 7640.258 Thread 0x0000020bcbc6d1b0 Thread added: 0x0000020bcdd3a8b0
Event: 7654.652 Thread 0x0000020bcd3d6df0 Thread exited: 0x0000020bcd3d6df0
Event: 7700.378 Thread 0x0000020bcbc6cb20 Thread exited: 0x0000020bcbc6cb20
Event: 7714.656 Thread 0x0000020bcdd387e0 Thread exited: 0x0000020bcdd387e0
Event: 7774.684 Thread 0x0000020bcd3d6760 Thread exited: 0x0000020bcd3d6760
Event: 7834.694 Thread 0x0000020bcdd38150 Thread exited: 0x0000020bcdd38150
Event: 7894.704 Thread 0x0000020bcdd3a220 Thread exited: 0x0000020bcdd3a220
Event: 7954.746 Thread 0x0000020bcdd3d010 Thread exited: 0x0000020bcdd3d010
Event: 8014.790 Thread 0x0000020bcdd3bc60 Thread exited: 0x0000020bcdd3bc60
Event: 8074.818 Thread 0x0000020bcdd3af40 Thread exited: 0x0000020bcdd3af40


Dynamic libraries:
0x00007ff601010000 - 0x00007ff60101e000 	c:\Users\drabo\.vscode\extensions\redhat.java-1.54.0-win32-x64\jre\21.0.10-win32-x86_64\bin\java.exe
0x00007fff50ba0000 - 0x00007fff50e06000 	C:\WINDOWS\SYSTEM32\ntdll.dll
0x00007fff4ef70000 - 0x00007fff4f039000 	C:\WINDOWS\System32\KERNEL32.DLL
0x00007fff4e510000 - 0x00007fff4e90a000 	C:\WINDOWS\System32\KERNELBASE.dll
0x00007fff4de30000 - 0x00007fff4df7c000 	C:\WINDOWS\System32\ucrtbase.dll
0x00007fff2a220000 - 0x00007fff2a23e000 	c:\Users\drabo\.vscode\extensions\redhat.java-1.54.0-win32-x64\jre\21.0.10-win32-x86_64\bin\VCRUNTIME140.dll
0x00007fff2a320000 - 0x00007fff2a338000 	c:\Users\drabo\.vscode\extensions\redhat.java-1.54.0-win32-x64\jre\21.0.10-win32-x86_64\bin\jli.dll
0x00007fff50090000 - 0x00007fff50257000 	C:\WINDOWS\System32\USER32.dll
0x00007fff28650000 - 0x00007fff288e2000 	C:\WINDOWS\WinSxS\amd64_microsoft.windows.common-controls_6595b64144ccf1df_6.0.26100.8521_none_3e08b75ce33403b3\COMCTL32.dll
0x00007fff4e0d0000 - 0x00007fff4e0f7000 	C:\WINDOWS\System32\win32u.dll
0x00007fff50b20000 - 0x00007fff50b4b000 	C:\WINDOWS\System32\GDI32.dll
0x00007fff4eb20000 - 0x00007fff4ebc9000 	C:\WINDOWS\System32\msvcrt.dll
0x00007fff4e260000 - 0x00007fff4e38b000 	C:\WINDOWS\System32\gdi32full.dll
0x00007fff4e1b0000 - 0x00007fff4e253000 	C:\WINDOWS\System32\msvcp_win.dll
0x00007fff4f170000 - 0x00007fff4f1a2000 	C:\WINDOWS\System32\IMM32.DLL
0x00007fff2ae70000 - 0x00007fff2ae7c000 	c:\Users\drabo\.vscode\extensions\redhat.java-1.54.0-win32-x64\jre\21.0.10-win32-x86_64\bin\vcruntime140_1.dll
0x00007fff0a4a0000 - 0x00007fff0a52d000 	c:\Users\drabo\.vscode\extensions\redhat.java-1.54.0-win32-x64\jre\21.0.10-win32-x86_64\bin\msvcp140.dll
0x00007ffeb06e0000 - 0x00007ffeb1481000 	c:\Users\drabo\.vscode\extensions\redhat.java-1.54.0-win32-x64\jre\21.0.10-win32-x86_64\bin\server\jvm.dll
0x00007fff4ffd0000 - 0x00007fff50086000 	C:\WINDOWS\System32\ADVAPI32.dll
0x00007fff4f0c0000 - 0x00007fff4f16a000 	C:\WINDOWS\System32\sechost.dll
0x00007fff4f340000 - 0x00007fff4f458000 	C:\WINDOWS\System32\RPCRT4.dll
0x00007fff50a90000 - 0x00007fff50b10000 	C:\WINDOWS\System32\WS2_32.dll
0x00007fff4dcb0000 - 0x00007fff4dd0e000 	C:\WINDOWS\SYSTEM32\POWRPROF.dll
0x00007fff4aad0000 - 0x00007fff4ab06000 	C:\WINDOWS\SYSTEM32\WINMM.dll
0x00007fff34120000 - 0x00007fff3412b000 	C:\WINDOWS\SYSTEM32\VERSION.dll
0x00007fff4dc70000 - 0x00007fff4dc84000 	C:\WINDOWS\SYSTEM32\UMPDC.dll
0x00007fff4cb80000 - 0x00007fff4cb9b000 	C:\WINDOWS\SYSTEM32\kernel.appcore.dll
0x00007fff2ad70000 - 0x00007fff2ad7a000 	c:\Users\drabo\.vscode\extensions\redhat.java-1.54.0-win32-x64\jre\21.0.10-win32-x86_64\bin\jimage.dll
0x00007fff4b3f0000 - 0x00007fff4b632000 	C:\WINDOWS\SYSTEM32\DBGHELP.DLL
0x00007fff50270000 - 0x00007fff505f3000 	C:\WINDOWS\System32\combase.dll
0x00007fff4f460000 - 0x00007fff4f539000 	C:\WINDOWS\System32\OLEAUT32.dll
0x00007fff256a0000 - 0x00007fff256db000 	C:\WINDOWS\SYSTEM32\dbgcore.DLL
0x00007fff4e100000 - 0x00007fff4e1a8000 	C:\WINDOWS\System32\bcryptPrimitives.dll
0x00007fff2a370000 - 0x00007fff2a37f000 	c:\Users\drabo\.vscode\extensions\redhat.java-1.54.0-win32-x64\jre\21.0.10-win32-x86_64\bin\instrument.dll
0x00007fff2a020000 - 0x00007fff2a040000 	c:\Users\drabo\.vscode\extensions\redhat.java-1.54.0-win32-x64\jre\21.0.10-win32-x86_64\bin\java.dll
0x00007fff4f7e0000 - 0x00007fff4ff64000 	C:\WINDOWS\System32\SHELL32.dll
0x00007fff4b9b0000 - 0x00007fff4c230000 	C:\WINDOWS\SYSTEM32\windows.storage.dll
0x00007fff4ee70000 - 0x00007fff4ef66000 	C:\WINDOWS\System32\SHCORE.dll
0x00007fff4f050000 - 0x00007fff4f0b7000 	C:\WINDOWS\System32\shlwapi.dll
0x00007fff4dd50000 - 0x00007fff4dd79000 	C:\WINDOWS\SYSTEM32\profapi.dll
0x00007fff29fc0000 - 0x00007fff29fd8000 	c:\Users\drabo\.vscode\extensions\redhat.java-1.54.0-win32-x64\jre\21.0.10-win32-x86_64\bin\zip.dll
0x00007fff29ee0000 - 0x00007fff29ef0000 	C:\Users\drabo\.vscode\extensions\redhat.java-1.54.0-win32-x64\jre\21.0.10-win32-x86_64\bin\net.dll
0x00007fff45210000 - 0x00007fff45339000 	C:\WINDOWS\SYSTEM32\WINHTTP.dll
0x00007fff4d0d0000 - 0x00007fff4d13c000 	C:\WINDOWS\system32\mswsock.dll
0x00007fff29ec0000 - 0x00007fff29ed6000 	C:\Users\drabo\.vscode\extensions\redhat.java-1.54.0-win32-x64\jre\21.0.10-win32-x86_64\bin\nio.dll
0x00007fff29e90000 - 0x00007fff29ea0000 	c:\Users\drabo\.vscode\extensions\redhat.java-1.54.0-win32-x64\jre\21.0.10-win32-x86_64\bin\verify.dll
0x00007fff274b0000 - 0x00007fff274f5000 	C:\Users\drabo\AppData\Roaming\Code\User\globalStorage\redhat.java\1.54.0\config_win\org.eclipse.equinox.launcher\org.eclipse.equinox.launcher.win32.win32.x86_64_1.3.0.v20260203-2149\eclipse_11919.dll
0x00007fff4ec50000 - 0x00007fff4ede8000 	C:\WINDOWS\System32\ole32.dll
0x00007fff4d4d0000 - 0x00007fff4d4eb000 	C:\WINDOWS\SYSTEM32\CRYPTSP.dll
0x00007fff4cae0000 - 0x00007fff4cb19000 	C:\WINDOWS\system32\rsaenh.dll
0x00007fff4d180000 - 0x00007fff4d1b3000 	C:\WINDOWS\SYSTEM32\USERENV.dll
0x00007fff4dd20000 - 0x00007fff4dd4a000 	C:\WINDOWS\SYSTEM32\bcrypt.dll
0x00007fff4d330000 - 0x00007fff4d33c000 	C:\WINDOWS\SYSTEM32\CRYPTBASE.dll
0x00007fff4c560000 - 0x00007fff4c593000 	C:\WINDOWS\SYSTEM32\IPHLPAPI.DLL
0x00007fff50260000 - 0x00007fff5026a000 	C:\WINDOWS\System32\NSI.dll
0x00007fff213c0000 - 0x00007fff21409000 	C:\Users\drabo\AppData\Local\Temp\jna-95844640\jna10738881496156854878.dll
0x00007fff4f040000 - 0x00007fff4f048000 	C:\WINDOWS\System32\PSAPI.DLL
0x00007fff45410000 - 0x00007fff4542d000 	C:\WINDOWS\SYSTEM32\dhcpcsvc6.DLL
0x00007fff453e0000 - 0x00007fff45405000 	C:\WINDOWS\SYSTEM32\dhcpcsvc.DLL
0x00007fff4c5f0000 - 0x00007fff4c73a000 	C:\WINDOWS\SYSTEM32\DNSAPI.dll
0x00007fff4cf10000 - 0x00007fff4cf1d000 	C:\WINDOWS\SYSTEM32\DSPARSE.dll
0x00007fff43e60000 - 0x00007fff43e6b000 	C:\Windows\System32\rasadhlp.dll
0x00007fff456b0000 - 0x00007fff45736000 	C:\WINDOWS\System32\fwpuclnt.dll
0x00007fff38fd0000 - 0x00007fff38fd9000 	C:\Users\drabo\.vscode\extensions\redhat.java-1.54.0-win32-x64\jre\21.0.10-win32-x86_64\bin\extnet.dll
0x00007fff2ae10000 - 0x00007fff2ae1e000 	C:\Users\drabo\.vscode\extensions\redhat.java-1.54.0-win32-x64\jre\21.0.10-win32-x86_64\bin\sunmscapi.dll
0x00007fff4e390000 - 0x00007fff4e508000 	C:\WINDOWS\System32\CRYPT32.dll
0x00007fff4d630000 - 0x00007fff4d660000 	C:\WINDOWS\SYSTEM32\ncrypt.dll
0x00007fff4d5e0000 - 0x00007fff4d61f000 	C:\WINDOWS\SYSTEM32\NTASN1.dll

JVMTI agents:
c:\Users\drabo\.vscode\extensions\redhat.java-1.54.0-win32-x64\lombok\lombok-1.18.39-4050.jar path:c:\Users\drabo\.vscode\extensions\redhat.java-1.54.0-win32-x64\jre\21.0.10-win32-x86_64\bin\instrument.dll, loaded, initialized, instrumentlib options:none

dbghelp: loaded successfully - version: 4.0.5 - missing functions: none
symbol engine: initialized successfully - sym options: 0x614 - pdb path: .;c:\Users\drabo\.vscode\extensions\redhat.java-1.54.0-win32-x64\jre\21.0.10-win32-x86_64\bin;C:\WINDOWS\SYSTEM32;C:\WINDOWS\WinSxS\amd64_microsoft.windows.common-controls_6595b64144ccf1df_6.0.26100.8521_none_3e08b75ce33403b3;c:\Users\drabo\.vscode\extensions\redhat.java-1.54.0-win32-x64\jre\21.0.10-win32-x86_64\bin\server;C:\Users\drabo\AppData\Roaming\Code\User\globalStorage\redhat.java\1.54.0\config_win\org.eclipse.equinox.launcher\org.eclipse.equinox.launcher.win32.win32.x86_64_1.3.0.v20260203-2149;C:\Users\drabo\AppData\Local\Temp\jna-95844640

VM Arguments:
jvm_args: --add-modules=ALL-SYSTEM --add-opens=java.base/java.util=ALL-UNNAMED --add-opens=java.base/java.lang=ALL-UNNAMED --add-opens=java.base/sun.nio.fs=ALL-UNNAMED -Declipse.application=org.eclipse.jdt.ls.core.id1 -Dosgi.bundles.defaultStartLevel=4 -Declipse.product=org.eclipse.jdt.ls.core.product -Djava.import.generatesMetadataFilesAtProjectRoot=false -DDetectVMInstallationsJob.disabled=true -Dfile.encoding=utf8 -XX:+UseParallelGC -XX:GCTimeRatio=4 -XX:AdaptiveSizePolicyWeight=90 -Dsun.zip.disableMemoryMapping=true -Xmx2G -Xms100m -Xlog:disable -javaagent:c:\Users\drabo\.vscode\extensions\redhat.java-1.54.0-win32-x64\lombok\lombok-1.18.39-4050.jar -XX:+HeapDumpOnOutOfMemoryError -XX:HeapDumpPath=c:\Users\drabo\AppData\Roaming\Code\User\workspaceStorage\b5d85a17dd6b2e49b0175a07488c1291\redhat.java -Daether.dependencyCollector.impl=bf 
java_command: c:\Users\drabo\.vscode\extensions\redhat.java-1.54.0-win32-x64\server\plugins\org.eclipse.equinox.launcher_1.7.100.v20251111-0406.jar -configuration c:\Users\drabo\AppData\Roaming\Code\User\globalStorage\redhat.java\1.54.0\config_win -data c:\Users\drabo\AppData\Roaming\Code\User\workspaceStorage\b5d85a17dd6b2e49b0175a07488c1291\redhat.java\jdt_ws --pipe=\\.\pipe\lsp-13936eab1e6ccd607f5745edb12f03ca-sock
java_class_path (initial): c:\Users\drabo\.vscode\extensions\redhat.java-1.54.0-win32-x64\server\plugins\org.eclipse.equinox.launcher_1.7.100.v20251111-0406.jar
Launcher Type: SUN_STANDARD

[Global flags]
    uintx AdaptiveSizePolicyWeight                 = 90                                        {product} {command line}
     intx CICompilerCount                          = 4                                         {product} {ergonomic}
    uintx GCTimeRatio                              = 4                                         {product} {command line}
     bool HeapDumpOnOutOfMemoryError               = true                                   {manageable} {command line}
    ccstr HeapDumpPath                             = c:\Users\drabo\AppData\Roaming\Code\User\workspaceStorage\b5d85a17dd6b2e49b0175a07488c1291\redhat.java         {manageable} {command line}
   size_t InitialHeapSize                          = 104857600                                 {product} {command line}
   size_t MaxHeapSize                              = 2147483648                                {product} {command line}
   size_t MaxNewSize                               = 715653120                                 {product} {ergonomic}
   size_t MinHeapDeltaBytes                        = 524288                                    {product} {ergonomic}
   size_t MinHeapSize                              = 104857600                                 {product} {command line}
   size_t NewSize                                  = 34603008                                  {product} {ergonomic}
    uintx NonNMethodCodeHeapSize                   = 5839372                                {pd product} {ergonomic}
    uintx NonProfiledCodeHeapSize                  = 122909434                              {pd product} {ergonomic}
   size_t OldSize                                  = 70254592                                  {product} {ergonomic}
    uintx ProfiledCodeHeapSize                     = 122909434                              {pd product} {ergonomic}
    uintx ReservedCodeCacheSize                    = 251658240                              {pd product} {ergonomic}
     bool SegmentedCodeCache                       = true                                      {product} {ergonomic}
   size_t SoftMaxHeapSize                          = 2147483648                             {manageable} {ergonomic}
     bool UseCompressedOops                        = true                           {product lp64_product} {ergonomic}
     bool UseLargePagesIndividualAllocation        = false                                  {pd product} {ergonomic}
     bool UseParallelGC                            = true                                      {product} {command line}

Logging:
Log output configuration:
 #0: stdout all=off uptime,level,tags foldmultilines=false
 #1: stderr all=off uptime,level,tags foldmultilines=false

Release file:
JAVA_VERSION="21.0.10" 
MODULES="java.base java.compiler java.datatransfer java.xml java.prefs java.desktop java.instrument java.logging java.management java.security.sasl java.naming java.rmi java.management.rmi java.net.http java.scripting java.security.jgss java.transaction.xa java.sql java.sql.rowset java.xml.crypto java.se java.smartcardio jdk.accessibility jdk.internal.jvmstat jdk.attach jdk.charsets jdk.internal.opt jdk.zipfs jdk.compiler jdk.crypto.ec jdk.crypto.cryptoki jdk.crypto.mscapi jdk.dynalink jdk.internal.ed jdk.editpad jdk.hotspot.agent jdk.httpserver jdk.internal.le jdk.internal.vm.ci jdk.internal.vm.compiler jdk.internal.vm.compiler.management jdk.jartool jdk.javadoc jdk.jcmd jdk.management jdk.management.agent jdk.jconsole jdk.jdeps jdk.jdwp.agent jdk.jdi jdk.jfr jdk.jshell jdk.jsobject jdk.jstatd jdk.localedata jdk.management.jfr jdk.naming.dns jdk.naming.rmi jdk.net jdk.nio.mapmode jdk.random jdk.sctp jdk.security.auth jdk.security.jgss jdk.unsupported jdk.unsupported.desktop jdk.xml.dom" 

Environment Variables:
JAVA_HOME=C:\Program Files\Java\jdk-21.0.10
PATH=C:\Users\drabo\AppData\Local\Programs\Python\Python314\Scripts\;C:\Users\drabo\AppData\Local\Programs\Python\Python314\;C:\Program Files\Common Files\Oracle\Java\javapath;C:\WINDOWS\system32;C:\WINDOWS;C:\WINDOWS\System32\Wbem;C:\WINDOWS\System32\WindowsPowerShell\v1.0\;C:\WINDOWS\System32\OpenSSH\;C:\php;C:\Program Files\cursor\resources\app\bin;C:\Program Files\MySQL\MySQL Server 8.4\bin;C:\Users\drabo\AppData\Roaming\npm;C:\Program Files\Java\jdk-21;C:\Program Files\Java\jdk-21.0.10\bin;C:\ProgramData\chocolatey\bin;C:\Program Files\nodejs\;C:\tools\php85;C:\ProgramData\ComposerSetup\bin;C:\Program Files\Git\cmd;C:\WINDOWS\system32;C:\WINDOWS;C:\WINDOWS\System32\Wbem;C:\WINDOWS\System32\WindowsPowerShell\v1.0\;C:\WINDOWS\System32\OpenSSH\;C:\Program Files\Git\cmd;C:\Program Files\nodejs\;C:\php;C:\Program Files\Docker\Docker\resources\bin;C:\Program Files\cursor\resources\app\bin;;C:\Program Files\MySQL\MySQL Server 8.0\bin;C:\Program Files\MySQL\MySQL Server 8.4\bin;C:\Users\drabo\AppData\Local\Programs\Windsurf\bin;C:\Users\drabo\AppData\Local\Programs\Microsoft VS Code\bin;C:\Users\drabo\AppData\Roaming\npm;C:\Users\drabo\AppData\Roaming\Composer\vendor\bin;C:\Program Files\JetBrains\IntelliJ IDEA 2026.1.2\bin;C:\Users\drabo\AppData\Local\Microsoft\WindowsApps;C:\Users\drabo\AppData\Local\Programs\Antigravity\bin
USERNAME=drabo
OS=Windows_NT
PROCESSOR_IDENTIFIER=Intel64 Family 6 Model 186 Stepping 3, GenuineIntel
TMP=C:\Users\drabo\AppData\Local\Temp
TEMP=C:\Users\drabo\AppData\Local\Temp




Periodic native trim disabled

---------------  S Y S T E M  ---------------

OS:
 Windows 11 , 64 bit Build 26100 (10.0.26100.8521)
OS uptime: 4 days 8:57 hours
Hyper-V role detected

CPU: total 12 (initial active 12) (6 cores per cpu, 2 threads per core) family 6 model 186 stepping 3 microcode 0x6134, cx8, cmov, fxsr, ht, mmx, 3dnowpref, sse, sse2, sse3, ssse3, sse4.1, sse4.2, popcnt, lzcnt, tsc, tscinvbit, avx, avx2, aes, erms, clmul, bmi1, bmi2, adx, sha, fma, vzeroupper, clflush, clflushopt, clwb, hv, serialize, rdtscp, rdpid, fsrm, f16c, cet_ibt, cet_ss
Processor Information for the first 12 processors :
  Max Mhz: 1300, Current Mhz: 1300, Mhz Limit: 1300

Memory: 4k page, system-wide physical 7835M (98M free)
TotalPageFile size 31387M (AvailPageFile size 1M)
current process WorkingSet (physical memory assigned to process): 8M, peak: 362M
current process commit charge ("private bytes"): 514M, peak: 541M

vm_info: OpenJDK 64-Bit Server VM (21.0.10+7-LTS) for windows-amd64 JRE (21.0.10+7-LTS), built on 2026-01-20T00:00:00Z by "admin" with MS VC++ 17.12 (VS2022)

END.
