#
# There is insufficient memory for the Java Runtime Environment to continue.
# Native memory allocation (malloc) failed to allocate 1178864 bytes for Chunk::new
# Possible reasons:
#   The system is out of physical RAM or swap space
#   The process is running with CompressedOops enabled, and the Java Heap may be blocking the growth of the native heap
# Possible solutions:
#   Reduce memory load on the system
#   Increase physical memory or swap space
#   Check if swap backing store is full
#   Decrease Java heap size (-Xmx/-Xms)
#   Decrease number of Java threads
#   Decrease Java thread stack sizes (-Xss)
#   Set larger code cache with -XX:ReservedCodeCacheSize=
#   JVM is running with Unscaled Compressed Oops mode in which the Java heap is
#     placed in the first 4GB address space. The Java Heap base address is the
#     maximum limit for the native heap growth. Please use -XX:HeapBaseMinAddress
#     to set the Java Heap base and to place the Java Heap above 4GB virtual address.
# This output file may be truncated or incomplete.
#
#  Out of Memory Error (arena.cpp:168), pid=25628, tid=39408
#
# JRE version: Java(TM) SE Runtime Environment (21.0.10+8) (build 21.0.10+8-LTS-217)
# Java VM: Java HotSpot(TM) 64-Bit Server VM (21.0.10+8-LTS-217, mixed mode, sharing, tiered, compressed oops, compressed class ptrs, g1 gc, windows-amd64)
# No core dump will be written. Minidumps are not enabled by default on client versions of Windows
#

---------------  S U M M A R Y ------------

Command Line: --enable-native-access=ALL-UNNAMED -Dclassworlds.conf=C:\Users\drabo\.m2\wrapper\dists\apache-maven-3.9.11\03d7e36a140982eea48e22c1dcac01d8862b2550b2939e09a0809bbc5182a5bc\bin\m2.conf -Dmaven.home=C:\Users\drabo\.m2\wrapper\dists\apache-maven-3.9.11\03d7e36a140982eea48e22c1dcac01d8862b2550b2939e09a0809bbc5182a5bc -Dlibrary.jansi.path=C:\Users\drabo\.m2\wrapper\dists\apache-maven-3.9.11\03d7e36a140982eea48e22c1dcac01d8862b2550b2939e09a0809bbc5182a5bc\lib\jansi-native -Dmaven.multiModuleProjectDirectory=C:\Users\drabo\Downloads\sakai-ng-master\backend org.codehaus.plexus.classworlds.launcher.Launcher spring-boot:run

Host: 13th Gen Intel(R) Core(TM) i5-1335U, 12 cores, 7G,  Windows 11 , 64 bit Build 26100 (10.0.26100.8521)
Time: Tue Jun 23 12:28:53 2026 Greenwich elapsed time: 14.433441 seconds (0d 0h 0m 14s)

---------------  T H R E A D  ---------------

Current thread (0x000001f3f22ba620):  JavaThread "C2 CompilerThread0" daemon [_thread_in_native, id=39408, stack(0x0000005527a00000,0x0000005527b00000) (1024K)]


Current CompileTask:
C2:  14433 4353       4       org.codehaus.plexus.util.xml.Xpp3DomBuilder::build (413 bytes)

Stack: [0x0000005527a00000,0x0000005527b00000]
Native frames: (J=compiled Java code, j=interpreted, Vv=VM code, C=native code)
V  [jvm.dll+0x6d0b59]
V  [jvm.dll+0x85fd56]
V  [jvm.dll+0x86224e]
V  [jvm.dll+0x862923]
V  [jvm.dll+0x282a16]
V  [jvm.dll+0xc662d]
V  [jvm.dll+0xc6b71]
V  [jvm.dll+0x3bbb5b]
V  [jvm.dll+0x387fd2]
V  [jvm.dll+0x38741a]
V  [jvm.dll+0x24b370]
V  [jvm.dll+0x24a94f]
V  [jvm.dll+0x1cacfe]
V  [jvm.dll+0x25a629]
V  [jvm.dll+0x258bb5]
V  [jvm.dll+0x3f4da1]
V  [jvm.dll+0x80a83d]
V  [jvm.dll+0x6cf3fd]
C  [ucrtbase.dll+0x2cd30]
C  [KERNEL32.DLL+0x2e957]
C  [ntdll.dll+0x87c1c]


---------------  P R O C E S S  ---------------

Threads class SMR info:
_java_thread_list=0x000001f3f25e4980, length=12, elements={
0x000001f3d3292580, 0x000001f3f22ae3e0, 0x000001f3f22b2e50, 0x000001f3f22b64d0,
0x000001f3f22b6f30, 0x000001f3f22b8ad0, 0x000001f3f22b9530, 0x000001f3f22ba620,
0x000001f3f2402090, 0x000001f3f2560bb0, 0x000001f3f2569400, 0x000001f3f2d0fc90
}

Java Threads: ( => current thread )
  0x000001f3d3292580 JavaThread "main"                              [_thread_in_Java, id=27804, stack(0x0000005526c00000,0x0000005526d00000) (1024K)]
  0x000001f3f22ae3e0 JavaThread "Reference Handler"          daemon [_thread_blocked, id=33868, stack(0x0000005527400000,0x0000005527500000) (1024K)]
  0x000001f3f22b2e50 JavaThread "Finalizer"                  daemon [_thread_blocked, id=38536, stack(0x0000005527500000,0x0000005527600000) (1024K)]
  0x000001f3f22b64d0 JavaThread "Signal Dispatcher"          daemon [_thread_blocked, id=37920, stack(0x0000005527600000,0x0000005527700000) (1024K)]
  0x000001f3f22b6f30 JavaThread "Attach Listener"            daemon [_thread_blocked, id=652, stack(0x0000005527700000,0x0000005527800000) (1024K)]
  0x000001f3f22b8ad0 JavaThread "Service Thread"             daemon [_thread_blocked, id=35228, stack(0x0000005527800000,0x0000005527900000) (1024K)]
  0x000001f3f22b9530 JavaThread "Monitor Deflation Thread"   daemon [_thread_blocked, id=32356, stack(0x0000005527900000,0x0000005527a00000) (1024K)]
=>0x000001f3f22ba620 JavaThread "C2 CompilerThread0"         daemon [_thread_in_native, id=39408, stack(0x0000005527a00000,0x0000005527b00000) (1024K)]
  0x000001f3f2402090 JavaThread "C1 CompilerThread0"         daemon [_thread_blocked, id=4952, stack(0x0000005527b00000,0x0000005527c00000) (1024K)]
  0x000001f3f2560bb0 JavaThread "Notification Thread"        daemon [_thread_blocked, id=36904, stack(0x0000005527c00000,0x0000005527d00000) (1024K)]
  0x000001f3f2569400 JavaThread "Common-Cleaner"             daemon [_thread_blocked, id=19560, stack(0x0000005527d00000,0x0000005527e00000) (1024K)]
  0x000001f3f2d0fc90 JavaThread "Thread-1"                   daemon [_thread_blocked, id=38028, stack(0x0000005528700000,0x0000005528800000) (1024K)]
Total: 12

Other Threads:
  0x000001f3f2291f20 VMThread "VM Thread"                           [id=7092, stack(0x0000005527300000,0x0000005527400000) (1024K)]
  0x000001f3f227f130 WatcherThread "VM Periodic Task Thread"        [id=37648, stack(0x0000005527200000,0x0000005527300000) (1024K)]
  0x000001f3d55dabf0 WorkerThread "GC Thread#0"                     [id=24216, stack(0x0000005526d00000,0x0000005526e00000) (1024K)]
  0x000001f3f2f602f0 WorkerThread "GC Thread#1"                     [id=25920, stack(0x0000005527f00000,0x0000005528000000) (1024K)]
  0x000001f3f2fa4dc0 WorkerThread "GC Thread#2"                     [id=28888, stack(0x0000005528000000,0x0000005528100000) (1024K)]
  0x000001f3f2fa5170 WorkerThread "GC Thread#3"                     [id=38064, stack(0x0000005528100000,0x0000005528200000) (1024K)]
  0x000001f3f2fa5520 WorkerThread "GC Thread#4"                     [id=38544, stack(0x0000005528200000,0x0000005528300000) (1024K)]
  0x000001f3f2fa58d0 WorkerThread "GC Thread#5"                     [id=34728, stack(0x0000005528300000,0x0000005528400000) (1024K)]
  0x000001f3f2fa5c80 WorkerThread "GC Thread#6"                     [id=25956, stack(0x0000005528400000,0x0000005528500000) (1024K)]
  0x000001f3f2fa6030 WorkerThread "GC Thread#7"                     [id=28360, stack(0x0000005528500000,0x0000005528600000) (1024K)]
  0x000001f3f70e2b20 WorkerThread "GC Thread#8"                     [id=2580, stack(0x0000005527e00000,0x0000005527f00000) (1024K)]
  0x000001f3f70e5330 WorkerThread "GC Thread#9"                     [id=33260, stack(0x0000005528600000,0x0000005528700000) (1024K)]
  0x000001f3d55eb800 ConcurrentGCThread "G1 Main Marker"            [id=32864, stack(0x0000005526e00000,0x0000005526f00000) (1024K)]
  0x000001f3d55ec220 WorkerThread "G1 Conc#0"                       [id=35708, stack(0x0000005526f00000,0x0000005527000000) (1024K)]
  0x000001f3f21454b0 ConcurrentGCThread "G1 Refine#0"               [id=30688, stack(0x0000005527000000,0x0000005527100000) (1024K)]
  0x000001f3f2146cf0 ConcurrentGCThread "G1 Service"                [id=10852, stack(0x0000005527100000,0x0000005527200000) (1024K)]
Total: 16

Threads with active compile tasks:
C2 CompilerThread0    14511 4353       4       org.codehaus.plexus.util.xml.Xpp3DomBuilder::build (413 bytes)
Total: 1

VM state: not at safepoint (normal execution)

VM Mutex/Monitor currently owned by a thread: None

Heap address: 0x0000000085800000, size: 1960 MB, Compressed Oops mode: 32-bit

CDS archive(s) mapped at: [0x000001f380000000-0x000001f380c90000-0x000001f380c90000), size 13172736, SharedBaseAddress: 0x000001f380000000, ArchiveRelocationMode: 1.
Compressed class space mapped at: 0x000001f381000000-0x000001f3c1000000, reserved size: 1073741824
Narrow klass base: 0x000001f380000000, Narrow klass shift: 0, Narrow klass range: 0x100000000

GC Precious Log:
 CardTable entry size: 512
 Card Set container configuration: InlinePtr #cards 5 size 8 Array Of Cards #cards 12 size 40 Howl #buckets 4 coarsen threshold 1843 Howl Bitmap #cards 512 size 80 coarsen threshold 460 Card regions per heap region 1 cards per card region 2048
 CPUs: 12 total, 12 available
 Memory: 7835M
 Large Page Support: Disabled
 NUMA Support: Disabled
 Compressed Oops: Enabled (32-bit)
 Heap Region Size: 1M
 Heap Min Capacity: 8M
 Heap Initial Capacity: 124M
 Heap Max Capacity: 1960M
 Pre-touch: Disabled
 Parallel Workers: 10
 Concurrent Workers: 3
 Concurrent Refinement Workers: 10
 Periodic GC: Disabled

Heap:
 garbage-first heap   total 126976K, used 49367K [0x0000000085800000, 0x0000000100000000)
  region size 1024K, 46 young (47104K), 10 survivors (10240K)
 Metaspace       used 16365K, committed 16640K, reserved 1114112K
  class space    used 1847K, committed 1984K, reserved 1048576K

Heap Regions: E=young(eden), S=young(survivor), O=old, HS=humongous(starts), HC=humongous(continues), CS=collection set, F=free, TAMS=top-at-mark-start, PB=parsable bottom
|   0|0x0000000085800000, 0x0000000085900000, 0x0000000085900000|100%| O|  |TAMS 0x0000000085800000| PB 0x0000000085800000| Untracked 
|   1|0x0000000085900000, 0x0000000085a00000, 0x0000000085a00000|100%| O|  |TAMS 0x0000000085900000| PB 0x0000000085900000| Untracked 
|   2|0x0000000085a00000, 0x0000000085b00000, 0x0000000085b00000|100%| O|  |TAMS 0x0000000085a00000| PB 0x0000000085a00000| Untracked 
|   3|0x0000000085b00000, 0x0000000085bb5ec0, 0x0000000085c00000| 71%| O|  |TAMS 0x0000000085b00000| PB 0x0000000085b00000| Untracked 
|   4|0x0000000085c00000, 0x0000000085c00000, 0x0000000085d00000|  0%| F|  |TAMS 0x0000000085c00000| PB 0x0000000085c00000| Untracked 
|   5|0x0000000085d00000, 0x0000000085d00000, 0x0000000085e00000|  0%| F|  |TAMS 0x0000000085d00000| PB 0x0000000085d00000| Untracked 
|   6|0x0000000085e00000, 0x0000000085e00000, 0x0000000085f00000|  0%| F|  |TAMS 0x0000000085e00000| PB 0x0000000085e00000| Untracked 
|   7|0x0000000085f00000, 0x0000000085f00000, 0x0000000086000000|  0%| F|  |TAMS 0x0000000085f00000| PB 0x0000000085f00000| Untracked 
|   8|0x0000000086000000, 0x0000000086000000, 0x0000000086100000|  0%| F|  |TAMS 0x0000000086000000| PB 0x0000000086000000| Untracked 
|   9|0x0000000086100000, 0x0000000086100000, 0x0000000086200000|  0%| F|  |TAMS 0x0000000086100000| PB 0x0000000086100000| Untracked 
|  10|0x0000000086200000, 0x0000000086200000, 0x0000000086300000|  0%| F|  |TAMS 0x0000000086200000| PB 0x0000000086200000| Untracked 
|  11|0x0000000086300000, 0x0000000086300000, 0x0000000086400000|  0%| F|  |TAMS 0x0000000086300000| PB 0x0000000086300000| Untracked 
|  12|0x0000000086400000, 0x0000000086400000, 0x0000000086500000|  0%| F|  |TAMS 0x0000000086400000| PB 0x0000000086400000| Untracked 
|  13|0x0000000086500000, 0x0000000086500000, 0x0000000086600000|  0%| F|  |TAMS 0x0000000086500000| PB 0x0000000086500000| Untracked 
|  14|0x0000000086600000, 0x0000000086600000, 0x0000000086700000|  0%| F|  |TAMS 0x0000000086600000| PB 0x0000000086600000| Untracked 
|  15|0x0000000086700000, 0x0000000086700000, 0x0000000086800000|  0%| F|  |TAMS 0x0000000086700000| PB 0x0000000086700000| Untracked 
|  16|0x0000000086800000, 0x0000000086800000, 0x0000000086900000|  0%| F|  |TAMS 0x0000000086800000| PB 0x0000000086800000| Untracked 
|  17|0x0000000086900000, 0x0000000086900000, 0x0000000086a00000|  0%| F|  |TAMS 0x0000000086900000| PB 0x0000000086900000| Untracked 
|  18|0x0000000086a00000, 0x0000000086a00000, 0x0000000086b00000|  0%| F|  |TAMS 0x0000000086a00000| PB 0x0000000086a00000| Untracked 
|  19|0x0000000086b00000, 0x0000000086b00000, 0x0000000086c00000|  0%| F|  |TAMS 0x0000000086b00000| PB 0x0000000086b00000| Untracked 
|  20|0x0000000086c00000, 0x0000000086c00000, 0x0000000086d00000|  0%| F|  |TAMS 0x0000000086c00000| PB 0x0000000086c00000| Untracked 
|  21|0x0000000086d00000, 0x0000000086d00000, 0x0000000086e00000|  0%| F|  |TAMS 0x0000000086d00000| PB 0x0000000086d00000| Untracked 
|  22|0x0000000086e00000, 0x0000000086e00000, 0x0000000086f00000|  0%| F|  |TAMS 0x0000000086e00000| PB 0x0000000086e00000| Untracked 
|  23|0x0000000086f00000, 0x0000000086f00000, 0x0000000087000000|  0%| F|  |TAMS 0x0000000086f00000| PB 0x0000000086f00000| Untracked 
|  24|0x0000000087000000, 0x0000000087000000, 0x0000000087100000|  0%| F|  |TAMS 0x0000000087000000| PB 0x0000000087000000| Untracked 
|  25|0x0000000087100000, 0x0000000087100000, 0x0000000087200000|  0%| F|  |TAMS 0x0000000087100000| PB 0x0000000087100000| Untracked 
|  26|0x0000000087200000, 0x0000000087200000, 0x0000000087300000|  0%| F|  |TAMS 0x0000000087200000| PB 0x0000000087200000| Untracked 
|  27|0x0000000087300000, 0x0000000087300000, 0x0000000087400000|  0%| F|  |TAMS 0x0000000087300000| PB 0x0000000087300000| Untracked 
|  28|0x0000000087400000, 0x0000000087400000, 0x0000000087500000|  0%| F|  |TAMS 0x0000000087400000| PB 0x0000000087400000| Untracked 
|  29|0x0000000087500000, 0x0000000087500000, 0x0000000087600000|  0%| F|  |TAMS 0x0000000087500000| PB 0x0000000087500000| Untracked 
|  30|0x0000000087600000, 0x0000000087600000, 0x0000000087700000|  0%| F|  |TAMS 0x0000000087600000| PB 0x0000000087600000| Untracked 
|  31|0x0000000087700000, 0x0000000087700000, 0x0000000087800000|  0%| F|  |TAMS 0x0000000087700000| PB 0x0000000087700000| Untracked 
|  32|0x0000000087800000, 0x0000000087800000, 0x0000000087900000|  0%| F|  |TAMS 0x0000000087800000| PB 0x0000000087800000| Untracked 
|  33|0x0000000087900000, 0x0000000087900000, 0x0000000087a00000|  0%| F|  |TAMS 0x0000000087900000| PB 0x0000000087900000| Untracked 
|  34|0x0000000087a00000, 0x0000000087a00000, 0x0000000087b00000|  0%| F|  |TAMS 0x0000000087a00000| PB 0x0000000087a00000| Untracked 
|  35|0x0000000087b00000, 0x0000000087b00000, 0x0000000087c00000|  0%| F|  |TAMS 0x0000000087b00000| PB 0x0000000087b00000| Untracked 
|  36|0x0000000087c00000, 0x0000000087c00000, 0x0000000087d00000|  0%| F|  |TAMS 0x0000000087c00000| PB 0x0000000087c00000| Untracked 
|  37|0x0000000087d00000, 0x0000000087d00000, 0x0000000087e00000|  0%| F|  |TAMS 0x0000000087d00000| PB 0x0000000087d00000| Untracked 
|  38|0x0000000087e00000, 0x0000000087e00000, 0x0000000087f00000|  0%| F|  |TAMS 0x0000000087e00000| PB 0x0000000087e00000| Untracked 
|  39|0x0000000087f00000, 0x0000000087f00000, 0x0000000088000000|  0%| F|  |TAMS 0x0000000087f00000| PB 0x0000000087f00000| Untracked 
|  40|0x0000000088000000, 0x0000000088080000, 0x0000000088100000| 50%| S|CS|TAMS 0x0000000088000000| PB 0x0000000088000000| Complete 
|  41|0x0000000088100000, 0x0000000088200000, 0x0000000088200000|100%| S|CS|TAMS 0x0000000088100000| PB 0x0000000088100000| Complete 
|  42|0x0000000088200000, 0x0000000088300000, 0x0000000088300000|100%| S|CS|TAMS 0x0000000088200000| PB 0x0000000088200000| Complete 
|  43|0x0000000088300000, 0x0000000088400000, 0x0000000088400000|100%| S|CS|TAMS 0x0000000088300000| PB 0x0000000088300000| Complete 
|  44|0x0000000088400000, 0x0000000088500000, 0x0000000088500000|100%| S|CS|TAMS 0x0000000088400000| PB 0x0000000088400000| Complete 
|  45|0x0000000088500000, 0x0000000088600000, 0x0000000088600000|100%| S|CS|TAMS 0x0000000088500000| PB 0x0000000088500000| Complete 
|  46|0x0000000088600000, 0x0000000088700000, 0x0000000088700000|100%| S|CS|TAMS 0x0000000088600000| PB 0x0000000088600000| Complete 
|  47|0x0000000088700000, 0x0000000088800000, 0x0000000088800000|100%| S|CS|TAMS 0x0000000088700000| PB 0x0000000088700000| Complete 
|  48|0x0000000088800000, 0x0000000088900000, 0x0000000088900000|100%| S|CS|TAMS 0x0000000088800000| PB 0x0000000088800000| Complete 
|  49|0x0000000088900000, 0x0000000088a00000, 0x0000000088a00000|100%| S|CS|TAMS 0x0000000088900000| PB 0x0000000088900000| Complete 
|  50|0x0000000088a00000, 0x0000000088a00000, 0x0000000088b00000|  0%| F|  |TAMS 0x0000000088a00000| PB 0x0000000088a00000| Untracked 
|  51|0x0000000088b00000, 0x0000000088b00000, 0x0000000088c00000|  0%| F|  |TAMS 0x0000000088b00000| PB 0x0000000088b00000| Untracked 
|  52|0x0000000088c00000, 0x0000000088c00000, 0x0000000088d00000|  0%| F|  |TAMS 0x0000000088c00000| PB 0x0000000088c00000| Untracked 
|  53|0x0000000088d00000, 0x0000000088d00000, 0x0000000088e00000|  0%| F|  |TAMS 0x0000000088d00000| PB 0x0000000088d00000| Untracked 
|  54|0x0000000088e00000, 0x0000000088e00000, 0x0000000088f00000|  0%| F|  |TAMS 0x0000000088e00000| PB 0x0000000088e00000| Untracked 
|  55|0x0000000088f00000, 0x0000000088f00000, 0x0000000089000000|  0%| F|  |TAMS 0x0000000088f00000| PB 0x0000000088f00000| Untracked 
|  56|0x0000000089000000, 0x0000000089000000, 0x0000000089100000|  0%| F|  |TAMS 0x0000000089000000| PB 0x0000000089000000| Untracked 
|  57|0x0000000089100000, 0x0000000089100000, 0x0000000089200000|  0%| F|  |TAMS 0x0000000089100000| PB 0x0000000089100000| Untracked 
|  58|0x0000000089200000, 0x0000000089200000, 0x0000000089300000|  0%| F|  |TAMS 0x0000000089200000| PB 0x0000000089200000| Untracked 
|  59|0x0000000089300000, 0x0000000089300000, 0x0000000089400000|  0%| F|  |TAMS 0x0000000089300000| PB 0x0000000089300000| Untracked 
|  60|0x0000000089400000, 0x0000000089400000, 0x0000000089500000|  0%| F|  |TAMS 0x0000000089400000| PB 0x0000000089400000| Untracked 
|  61|0x0000000089500000, 0x0000000089500000, 0x0000000089600000|  0%| F|  |TAMS 0x0000000089500000| PB 0x0000000089500000| Untracked 
|  62|0x0000000089600000, 0x0000000089600000, 0x0000000089700000|  0%| F|  |TAMS 0x0000000089600000| PB 0x0000000089600000| Untracked 
|  63|0x0000000089700000, 0x0000000089700000, 0x0000000089800000|  0%| F|  |TAMS 0x0000000089700000| PB 0x0000000089700000| Untracked 
|  64|0x0000000089800000, 0x0000000089800000, 0x0000000089900000|  0%| F|  |TAMS 0x0000000089800000| PB 0x0000000089800000| Untracked 
|  65|0x0000000089900000, 0x0000000089900000, 0x0000000089a00000|  0%| F|  |TAMS 0x0000000089900000| PB 0x0000000089900000| Untracked 
|  66|0x0000000089a00000, 0x0000000089a00000, 0x0000000089b00000|  0%| F|  |TAMS 0x0000000089a00000| PB 0x0000000089a00000| Untracked 
|  67|0x0000000089b00000, 0x0000000089b00000, 0x0000000089c00000|  0%| F|  |TAMS 0x0000000089b00000| PB 0x0000000089b00000| Untracked 
|  68|0x0000000089c00000, 0x0000000089c00000, 0x0000000089d00000|  0%| F|  |TAMS 0x0000000089c00000| PB 0x0000000089c00000| Untracked 
|  69|0x0000000089d00000, 0x0000000089d00000, 0x0000000089e00000|  0%| F|  |TAMS 0x0000000089d00000| PB 0x0000000089d00000| Untracked 
|  70|0x0000000089e00000, 0x0000000089e00000, 0x0000000089f00000|  0%| F|  |TAMS 0x0000000089e00000| PB 0x0000000089e00000| Untracked 
|  71|0x0000000089f00000, 0x0000000089f00000, 0x000000008a000000|  0%| F|  |TAMS 0x0000000089f00000| PB 0x0000000089f00000| Untracked 
|  72|0x000000008a000000, 0x000000008a000000, 0x000000008a100000|  0%| F|  |TAMS 0x000000008a000000| PB 0x000000008a000000| Untracked 
|  73|0x000000008a100000, 0x000000008a100000, 0x000000008a200000|  0%| F|  |TAMS 0x000000008a100000| PB 0x000000008a100000| Untracked 
|  74|0x000000008a200000, 0x000000008a200000, 0x000000008a300000|  0%| F|  |TAMS 0x000000008a200000| PB 0x000000008a200000| Untracked 
|  75|0x000000008a300000, 0x000000008a300000, 0x000000008a400000|  0%| F|  |TAMS 0x000000008a300000| PB 0x000000008a300000| Untracked 
|  76|0x000000008a400000, 0x000000008a400000, 0x000000008a500000|  0%| F|  |TAMS 0x000000008a400000| PB 0x000000008a400000| Untracked 
|  77|0x000000008a500000, 0x000000008a500000, 0x000000008a600000|  0%| F|  |TAMS 0x000000008a500000| PB 0x000000008a500000| Untracked 
|  78|0x000000008a600000, 0x000000008a600000, 0x000000008a700000|  0%| F|  |TAMS 0x000000008a600000| PB 0x000000008a600000| Untracked 
|  79|0x000000008a700000, 0x000000008a700000, 0x000000008a800000|  0%| F|  |TAMS 0x000000008a700000| PB 0x000000008a700000| Untracked 
|  80|0x000000008a800000, 0x000000008a800000, 0x000000008a900000|  0%| F|  |TAMS 0x000000008a800000| PB 0x000000008a800000| Untracked 
|  81|0x000000008a900000, 0x000000008a900000, 0x000000008aa00000|  0%| F|  |TAMS 0x000000008a900000| PB 0x000000008a900000| Untracked 
|  82|0x000000008aa00000, 0x000000008aa00000, 0x000000008ab00000|  0%| F|  |TAMS 0x000000008aa00000| PB 0x000000008aa00000| Untracked 
|  83|0x000000008ab00000, 0x000000008ab00000, 0x000000008ac00000|  0%| F|  |TAMS 0x000000008ab00000| PB 0x000000008ab00000| Untracked 
|  84|0x000000008ac00000, 0x000000008ac00000, 0x000000008ad00000|  0%| F|  |TAMS 0x000000008ac00000| PB 0x000000008ac00000| Untracked 
|  85|0x000000008ad00000, 0x000000008ad00000, 0x000000008ae00000|  0%| F|  |TAMS 0x000000008ad00000| PB 0x000000008ad00000| Untracked 
|  86|0x000000008ae00000, 0x000000008ae00000, 0x000000008af00000|  0%| F|  |TAMS 0x000000008ae00000| PB 0x000000008ae00000| Untracked 
|  87|0x000000008af00000, 0x000000008af00000, 0x000000008b000000|  0%| F|  |TAMS 0x000000008af00000| PB 0x000000008af00000| Untracked 
|  88|0x000000008b000000, 0x000000008b080000, 0x000000008b100000| 50%| E|  |TAMS 0x000000008b000000| PB 0x000000008b000000| Complete 
|  89|0x000000008b100000, 0x000000008b200000, 0x000000008b200000|100%| E|CS|TAMS 0x000000008b100000| PB 0x000000008b100000| Complete 
|  90|0x000000008b200000, 0x000000008b300000, 0x000000008b300000|100%| E|CS|TAMS 0x000000008b200000| PB 0x000000008b200000| Complete 
|  91|0x000000008b300000, 0x000000008b400000, 0x000000008b400000|100%| E|CS|TAMS 0x000000008b300000| PB 0x000000008b300000| Complete 
|  92|0x000000008b400000, 0x000000008b500000, 0x000000008b500000|100%| E|CS|TAMS 0x000000008b400000| PB 0x000000008b400000| Complete 
|  93|0x000000008b500000, 0x000000008b600000, 0x000000008b600000|100%| E|CS|TAMS 0x000000008b500000| PB 0x000000008b500000| Complete 
|  94|0x000000008b600000, 0x000000008b700000, 0x000000008b700000|100%| E|CS|TAMS 0x000000008b600000| PB 0x000000008b600000| Complete 
|  95|0x000000008b700000, 0x000000008b800000, 0x000000008b800000|100%| E|CS|TAMS 0x000000008b700000| PB 0x000000008b700000| Complete 
|  96|0x000000008b800000, 0x000000008b900000, 0x000000008b900000|100%| E|CS|TAMS 0x000000008b800000| PB 0x000000008b800000| Complete 
|  97|0x000000008b900000, 0x000000008ba00000, 0x000000008ba00000|100%| E|CS|TAMS 0x000000008b900000| PB 0x000000008b900000| Complete 
|  98|0x000000008ba00000, 0x000000008bb00000, 0x000000008bb00000|100%| E|CS|TAMS 0x000000008ba00000| PB 0x000000008ba00000| Complete 
|  99|0x000000008bb00000, 0x000000008bc00000, 0x000000008bc00000|100%| E|CS|TAMS 0x000000008bb00000| PB 0x000000008bb00000| Complete 
| 100|0x000000008bc00000, 0x000000008bd00000, 0x000000008bd00000|100%| E|CS|TAMS 0x000000008bc00000| PB 0x000000008bc00000| Complete 
| 101|0x000000008bd00000, 0x000000008be00000, 0x000000008be00000|100%| E|CS|TAMS 0x000000008bd00000| PB 0x000000008bd00000| Complete 
| 102|0x000000008be00000, 0x000000008bf00000, 0x000000008bf00000|100%| E|CS|TAMS 0x000000008be00000| PB 0x000000008be00000| Complete 
| 103|0x000000008bf00000, 0x000000008c000000, 0x000000008c000000|100%| E|CS|TAMS 0x000000008bf00000| PB 0x000000008bf00000| Complete 
| 104|0x000000008c000000, 0x000000008c100000, 0x000000008c100000|100%| E|CS|TAMS 0x000000008c000000| PB 0x000000008c000000| Complete 
| 105|0x000000008c100000, 0x000000008c200000, 0x000000008c200000|100%| E|CS|TAMS 0x000000008c100000| PB 0x000000008c100000| Complete 
| 106|0x000000008c200000, 0x000000008c300000, 0x000000008c300000|100%| E|CS|TAMS 0x000000008c200000| PB 0x000000008c200000| Complete 
| 107|0x000000008c300000, 0x000000008c400000, 0x000000008c400000|100%| E|CS|TAMS 0x000000008c300000| PB 0x000000008c300000| Complete 
| 108|0x000000008c400000, 0x000000008c500000, 0x000000008c500000|100%| E|CS|TAMS 0x000000008c400000| PB 0x000000008c400000| Complete 
| 109|0x000000008c500000, 0x000000008c600000, 0x000000008c600000|100%| E|CS|TAMS 0x000000008c500000| PB 0x000000008c500000| Complete 
| 110|0x000000008c600000, 0x000000008c700000, 0x000000008c700000|100%| E|CS|TAMS 0x000000008c600000| PB 0x000000008c600000| Complete 
| 111|0x000000008c700000, 0x000000008c800000, 0x000000008c800000|100%| E|CS|TAMS 0x000000008c700000| PB 0x000000008c700000| Complete 
| 112|0x000000008c800000, 0x000000008c900000, 0x000000008c900000|100%| E|CS|TAMS 0x000000008c800000| PB 0x000000008c800000| Complete 
| 113|0x000000008c900000, 0x000000008ca00000, 0x000000008ca00000|100%| E|CS|TAMS 0x000000008c900000| PB 0x000000008c900000| Complete 
| 114|0x000000008ca00000, 0x000000008cb00000, 0x000000008cb00000|100%| E|CS|TAMS 0x000000008ca00000| PB 0x000000008ca00000| Complete 
| 115|0x000000008cb00000, 0x000000008cc00000, 0x000000008cc00000|100%| E|CS|TAMS 0x000000008cb00000| PB 0x000000008cb00000| Complete 
| 116|0x000000008cc00000, 0x000000008cd00000, 0x000000008cd00000|100%| E|CS|TAMS 0x000000008cc00000| PB 0x000000008cc00000| Complete 
| 117|0x000000008cd00000, 0x000000008ce00000, 0x000000008ce00000|100%| E|CS|TAMS 0x000000008cd00000| PB 0x000000008cd00000| Complete 
| 118|0x000000008ce00000, 0x000000008cf00000, 0x000000008cf00000|100%| E|CS|TAMS 0x000000008ce00000| PB 0x000000008ce00000| Complete 
| 119|0x000000008cf00000, 0x000000008d000000, 0x000000008d000000|100%| E|CS|TAMS 0x000000008cf00000| PB 0x000000008cf00000| Complete 
| 120|0x000000008d000000, 0x000000008d100000, 0x000000008d100000|100%| E|CS|TAMS 0x000000008d000000| PB 0x000000008d000000| Complete 
| 121|0x000000008d100000, 0x000000008d200000, 0x000000008d200000|100%| E|CS|TAMS 0x000000008d100000| PB 0x000000008d100000| Complete 
| 122|0x000000008d200000, 0x000000008d300000, 0x000000008d300000|100%| E|CS|TAMS 0x000000008d200000| PB 0x000000008d200000| Complete 
| 123|0x000000008d300000, 0x000000008d400000, 0x000000008d400000|100%| E|CS|TAMS 0x000000008d300000| PB 0x000000008d300000| Complete 

Card table byte_map: [0x000001f3ed370000,0x000001f3ed750000] _byte_map_base: 0x000001f3ecf44000

Marking Bits: (CMBitMap*) 0x000001f3d55dba20
 Bits: [0x000001f3ed750000, 0x000001f3ef5f0000)

Polling page: 0x000001f3d3230000

Metaspace:

Usage:
  Non-class:     14.18 MB used.
      Class:      1.80 MB used.
       Both:     15.98 MB used.

Virtual space:
  Non-class space:       64.00 MB reserved,      14.31 MB ( 22%) committed,  1 nodes.
      Class space:        1.00 GB reserved,       1.94 MB ( <1%) committed,  1 nodes.
             Both:        1.06 GB reserved,      16.25 MB (  1%) committed. 

Chunk freelists:
   Non-Class:  1.47 MB
       Class:  13.94 MB
        Both:  15.41 MB

MaxMetaspaceSize: unlimited
CompressedClassSpaceSize: 1.00 GB
Initial GC threshold: 21.00 MB
Current GC threshold: 21.00 MB
CDS: on
 - commit_granule_bytes: 65536.
 - commit_granule_words: 8192.
 - virtual_space_node_default_size: 8388608.
 - enlarge_chunks_in_place: 1.
 - use_allocation_guard: 0.


Internal statistics:

num_allocs_failed_limit: 0.
num_arena_births: 180.
num_arena_deaths: 0.
num_vsnodes_births: 2.
num_vsnodes_deaths: 0.
num_space_committed: 260.
num_space_uncommitted: 0.
num_chunks_returned_to_freelist: 0.
num_chunks_taken_from_freelist: 716.
num_chunk_merges: 0.
num_chunk_splits: 504.
num_chunks_enlarged: 415.
num_inconsistent_stats: 0.

CodeHeap 'non-profiled nmethods': size=120000Kb used=2002Kb max_used=2002Kb free=117997Kb
 bounds [0x000001f3e5500000, 0x000001f3e5770000, 0x000001f3eca30000]
CodeHeap 'profiled nmethods': size=120000Kb used=9211Kb max_used=9211Kb free=110788Kb
 bounds [0x000001f3dda30000, 0x000001f3de330000, 0x000001f3e4f60000]
CodeHeap 'non-nmethods': size=5760Kb used=1399Kb max_used=1454Kb free=4360Kb
 bounds [0x000001f3e4f60000, 0x000001f3e51d0000, 0x000001f3e5500000]
 total_blobs=4899 nmethods=4407 adapters=396
 compilation: enabled
              stopped_count=0, restarted_count=0
 full_count=0

Compilation events (20 events):
Event: 13.410 Thread 0x000001f3f2402090 4383   !   3       sun.nio.cs.StreamDecoder::forInputStreamReader (24 bytes)
Event: 13.411 Thread 0x000001f3f2402090 nmethod 4383 0x000001f3de310d10 code [0x000001f3de310f20, 0x000001f3de311400]
Event: 13.418 Thread 0x000001f3f2402090 4384       3       org.apache.maven.model.Scm::getLocation (304 bytes)
Event: 13.419 Thread 0x000001f3f2402090 nmethod 4384 0x000001f3de311710 code [0x000001f3de311a20, 0x000001f3de312b20]
Event: 13.419 Thread 0x000001f3f2402090 4385       3       org.apache.maven.model.interpolation.StringVisitorModelInterpolator$ModelVisitor::visit (210 bytes)
Event: 13.420 Thread 0x000001f3f2402090 nmethod 4385 0x000001f3de312d90 code [0x000001f3de3131c0, 0x000001f3de315828]
Event: 13.420 Thread 0x000001f3f2402090 4386       3       java.util.TreeSet::<init> (12 bytes)
Event: 13.420 Thread 0x000001f3f2402090 nmethod 4386 0x000001f3de316190 code [0x000001f3de316360, 0x000001f3de3167c0]
Event: 13.420 Thread 0x000001f3f2402090 4387       3       java.util.TreeSet::<init> (10 bytes)
Event: 13.420 Thread 0x000001f3f2402090 nmethod 4387 0x000001f3de316990 code [0x000001f3de316b40, 0x000001f3de316dc0]
Event: 13.443 Thread 0x000001f3f2402090 4389       3       org.codehaus.plexus.util.xml.pull.MXParser::setInput (75 bytes)
Event: 13.444 Thread 0x000001f3f2402090 nmethod 4389 0x000001f3de316f10 code [0x000001f3de3171c0, 0x000001f3de3181a8]
Event: 13.444 Thread 0x000001f3f2402090 4390       3       org.codehaus.plexus.util.xml.pull.MXParser::reset (169 bytes)
Event: 13.445 Thread 0x000001f3f2402090 nmethod 4390 0x000001f3de318510 code [0x000001f3de3186e0, 0x000001f3de318a68]
Event: 13.445 Thread 0x000001f3f2402090 4391       3       java.io.InputStreamReader::close (8 bytes)
Event: 13.445 Thread 0x000001f3f2402090 nmethod 4391 0x000001f3de318b90 code [0x000001f3de318d40, 0x000001f3de318e98]
Event: 13.448 Thread 0x000001f3f2402090 4392       3       jdk.internal.misc.InternalLock::newLockOrNull (18 bytes)
Event: 13.449 Thread 0x000001f3f2402090 nmethod 4392 0x000001f3de318f90 code [0x000001f3de319180, 0x000001f3de3197b0]
Event: 13.449 Thread 0x000001f3f2402090 4393       3       org.codehaus.plexus.util.xml.pull.MXParser::parseProlog (702 bytes)
Event: 14.425 Thread 0x000001f3f2402090 nmethod 4393 0x000001f3de319a10 code [0x000001f3de31a000, 0x000001f3de31c860]

GC Heap History (6 events):
Event: 2.346 GC heap before
{Heap before GC invocations=0 (full 0):
 garbage-first heap   total 126976K, used 23552K [0x0000000085800000, 0x0000000100000000)
  region size 1024K, 23 young (23552K), 0 survivors (0K)
 Metaspace       used 5633K, committed 5888K, reserved 1114112K
  class space    used 651K, committed 768K, reserved 1048576K
}
Event: 2.362 GC heap after
{Heap after GC invocations=1 (full 0):
 garbage-first heap   total 126976K, used 3768K [0x0000000085800000, 0x0000000100000000)
  region size 1024K, 3 young (3072K), 3 survivors (3072K)
 Metaspace       used 5633K, committed 5888K, reserved 1114112K
  class space    used 651K, committed 768K, reserved 1048576K
}
Event: 4.209 GC heap before
{Heap before GC invocations=1 (full 0):
 garbage-first heap   total 126976K, used 34488K [0x0000000085800000, 0x0000000100000000)
  region size 1024K, 33 young (33792K), 3 survivors (3072K)
 Metaspace       used 9460K, committed 9664K, reserved 1114112K
  class space    used 1110K, committed 1216K, reserved 1048576K
}
Event: 4.221 GC heap after
{Heap after GC invocations=2 (full 0):
 garbage-first heap   total 126976K, used 5364K [0x0000000085800000, 0x0000000100000000)
  region size 1024K, 2 young (2048K), 2 survivors (2048K)
 Metaspace       used 9460K, committed 9664K, reserved 1114112K
  class space    used 1110K, committed 1216K, reserved 1048576K
}
Event: 10.228 GC heap before
{Heap before GC invocations=2 (full 0):
 garbage-first heap   total 126976K, used 79092K [0x0000000085800000, 0x0000000100000000)
  region size 1024K, 74 young (75776K), 2 survivors (2048K)
 Metaspace       used 16053K, committed 16256K, reserved 1114112K
  class space    used 1845K, committed 1920K, reserved 1048576K
}
Event: 10.279 GC heap after
{Heap after GC invocations=3 (full 0):
 garbage-first heap   total 126976K, used 13527K [0x0000000085800000, 0x0000000100000000)
  region size 1024K, 10 young (10240K), 10 survivors (10240K)
 Metaspace       used 16053K, committed 16256K, reserved 1114112K
  class space    used 1845K, committed 1920K, reserved 1048576K
}

Dll operation events (8 events):
Event: 0.027 Loaded shared library C:\Program Files\Java\jdk-21.0.10\bin\java.dll
Event: 0.105 Loaded shared library C:\Program Files\Java\jdk-21.0.10\bin\jsvml.dll
Event: 0.166 Loaded shared library C:\Program Files\Java\jdk-21.0.10\bin\net.dll
Event: 0.172 Loaded shared library C:\Program Files\Java\jdk-21.0.10\bin\nio.dll
Event: 0.186 Loaded shared library C:\Program Files\Java\jdk-21.0.10\bin\zip.dll
Event: 0.816 Loaded shared library C:\Users\drabo\.m2\wrapper\dists\apache-maven-3.9.11\03d7e36a140982eea48e22c1dcac01d8862b2550b2939e09a0809bbc5182a5bc\lib\jansi-native\Windows\x86_64\jansi.dll
Event: 0.864 Loaded shared library C:\Program Files\Java\jdk-21.0.10\bin\jimage.dll
Event: 0.865 Loaded shared library C:\Program Files\Java\jdk-21.0.10\bin\verify.dll

Deoptimization events (20 events):
Event: 11.108 Thread 0x000001f3d3292580 DEOPT PACKING pc=0x000001f3e56e2e14 sp=0x0000005526cfce40
Event: 11.108 Thread 0x000001f3d3292580 DEOPT UNPACKING pc=0x000001f3e4fb46a2 sp=0x0000005526cfce20 mode 2
Event: 11.109 Thread 0x000001f3d3292580 Uncommon trap: trap_request=0xffffffbe fr.pc=0x000001f3e56e2e14 relative=0x0000000000001134
Event: 11.109 Thread 0x000001f3d3292580 Uncommon trap: reason=profile_predicate action=maybe_recompile pc=0x000001f3e56e2e14 method=java.util.concurrent.ConcurrentHashMap.putAll(Ljava/util/Map;)V @ 28 c2
Event: 11.109 Thread 0x000001f3d3292580 DEOPT PACKING pc=0x000001f3e56e2e14 sp=0x0000005526cfce40
Event: 11.109 Thread 0x000001f3d3292580 DEOPT UNPACKING pc=0x000001f3e4fb46a2 sp=0x0000005526cfce20 mode 2
Event: 11.239 Thread 0x000001f3d3292580 DEOPT PACKING pc=0x000001f3de19a762 sp=0x0000005526cfc9e0
Event: 11.239 Thread 0x000001f3d3292580 DEOPT UNPACKING pc=0x000001f3e4fb4e42 sp=0x0000005526cfbe90 mode 0
Event: 11.291 Thread 0x000001f3d3292580 Uncommon trap: trap_request=0xffffffbe fr.pc=0x000001f3e56ee41c relative=0x0000000000000bfc
Event: 11.291 Thread 0x000001f3d3292580 Uncommon trap: reason=profile_predicate action=maybe_recompile pc=0x000001f3e56ee41c method=java.util.regex.Pattern$CharPropertyGreedy.match(Ljava/util/regex/Matcher;ILjava/lang/CharSequence;)Z @ 103 c2
Event: 11.291 Thread 0x000001f3d3292580 DEOPT PACKING pc=0x000001f3e56ee41c sp=0x0000005526cfca60
Event: 11.291 Thread 0x000001f3d3292580 DEOPT UNPACKING pc=0x000001f3e4fb46a2 sp=0x0000005526cfc9f0 mode 2
Event: 11.292 Thread 0x000001f3d3292580 Uncommon trap: trap_request=0xffffffbe fr.pc=0x000001f3e56ee41c relative=0x0000000000000bfc
Event: 11.292 Thread 0x000001f3d3292580 Uncommon trap: reason=profile_predicate action=maybe_recompile pc=0x000001f3e56ee41c method=java.util.regex.Pattern$CharPropertyGreedy.match(Ljava/util/regex/Matcher;ILjava/lang/CharSequence;)Z @ 103 c2
Event: 11.292 Thread 0x000001f3d3292580 DEOPT PACKING pc=0x000001f3e56ee41c sp=0x0000005526cfcae0
Event: 11.292 Thread 0x000001f3d3292580 DEOPT UNPACKING pc=0x000001f3e4fb46a2 sp=0x0000005526cfca70 mode 2
Event: 11.309 Thread 0x000001f3d3292580 Uncommon trap: trap_request=0xffffffbe fr.pc=0x000001f3e56c7464 relative=0x0000000000000bc4
Event: 11.309 Thread 0x000001f3d3292580 Uncommon trap: reason=profile_predicate action=maybe_recompile pc=0x000001f3e56c7464 method=java.util.regex.Pattern$CharPropertyGreedy.match(Ljava/util/regex/Matcher;ILjava/lang/CharSequence;)Z @ 12 c2
Event: 11.309 Thread 0x000001f3d3292580 DEOPT PACKING pc=0x000001f3e56c7464 sp=0x0000005526cfc690
Event: 11.309 Thread 0x000001f3d3292580 DEOPT UNPACKING pc=0x000001f3e4fb46a2 sp=0x0000005526cfc650 mode 2

Classes loaded (20 events):
Event: 6.883 Loading class java/util/spi/ResourceBundleProvider
Event: 6.883 Loading class java/util/spi/ResourceBundleProvider done
Event: 6.883 Loading class sun/util/resources/LocaleData$LocaleDataResourceBundleProvider done
Event: 6.883 Loading class sun/util/resources/LocaleData$CommonResourceBundleProvider done
Event: 6.884 Loading class sun/util/resources/Bundles$2
Event: 6.884 Loading class sun/util/resources/Bundles$2 done
Event: 6.969 Loading class java/util/StringTokenizer
Event: 6.969 Loading class java/util/StringTokenizer done
Event: 7.385 Loading class java/util/stream/Streams$RangeIntSpliterator
Event: 7.389 Loading class java/util/stream/Streams$RangeIntSpliterator done
Event: 8.761 Loading class java/util/stream/MatchOps$MatchKind
Event: 8.762 Loading class java/util/stream/MatchOps$MatchKind done
Event: 8.762 Loading class java/util/stream/MatchOps
Event: 8.763 Loading class java/util/stream/MatchOps done
Event: 8.763 Loading class java/util/stream/MatchOps$MatchOp
Event: 8.763 Loading class java/util/stream/MatchOps$MatchOp done
Event: 8.764 Loading class java/util/stream/MatchOps$BooleanTerminalSink
Event: 8.764 Loading class java/util/stream/MatchOps$BooleanTerminalSink done
Event: 8.765 Loading class java/util/stream/MatchOps$1MatchSink
Event: 8.765 Loading class java/util/stream/MatchOps$1MatchSink done

Classes unloaded (0 events):
No events

Classes redefined (0 events):
No events

Internal exceptions (20 events):
Event: 4.713 Thread 0x000001f3d3292580 Exception <a 'java/lang/NoSuchMethodError'{0x000000008cd9f8f8}: 'java.lang.Object java.lang.invoke.DirectMethodHandle$Holder.invokeSpecial(java.lang.Object, java.lang.Object, java.lang.Object, int, java.lang.Object)'> (0x000000008cd9f8f8) 
thrown [s\open\src\hotspot\share\interpreter\linkResolver.cpp, line 773]
Event: 4.716 Thread 0x000001f3d3292580 Exception <a 'java/lang/NoSuchMethodError'{0x000000008cda7a38}: 'int java.lang.invoke.DirectMethodHandle$Holder.invokeSpecial(java.lang.Object, java.lang.Object, java.lang.Object, int)'> (0x000000008cda7a38) 
thrown [s\open\src\hotspot\share\interpreter\linkResolver.cpp, line 773]
Event: 4.726 Thread 0x000001f3d3292580 Implicit null exception at 0x000001f3e55a205a to 0x000001f3e55a2254
Event: 4.730 Thread 0x000001f3d3292580 Exception <a 'java/lang/NoSuchMethodError'{0x000000008cdcc828}: 'java.lang.Object java.lang.invoke.Invokers$Holder.invokeExact_MT(java.lang.Object, int, java.lang.Object)'> (0x000000008cdcc828) 
thrown [s\open\src\hotspot\share\interpreter\linkResolver.cpp, line 773]
Event: 5.467 Thread 0x000001f3d3292580 Exception <a 'java/lang/NoSuchMethodError'{0x000000008c409620}: 'void java.lang.invoke.Invokers$Holder.invokeExact_MT(java.lang.Object, java.lang.Object, java.lang.Object, java.lang.Object)'> (0x000000008c409620) 
thrown [s\open\src\hotspot\share\interpreter\linkResolver.cpp, line 773]
Event: 5.514 Thread 0x000001f3d3292580 Exception <a 'java/lang/NoClassDefFoundError'{0x000000008c4a3b88}: com/google/inject/servlet/ServletModuleTargetVisitor> (0x000000008c4a3b88) 
thrown [s\open\src\hotspot\share\classfile\systemDictionary.cpp, line 301]
Event: 5.710 Thread 0x000001f3d3292580 Exception <a 'java/lang/NoSuchMethodError'{0x000000008c266650}: 'void java.lang.invoke.DirectMethodHandle$Holder.invokeVirtual(java.lang.Object, java.lang.Object)'> (0x000000008c266650) 
thrown [s\open\src\hotspot\share\interpreter\linkResolver.cpp, line 773]
Event: 5.882 Thread 0x000001f3d3292580 Exception <a 'java/lang/NoSuchMethodError'{0x000000008c2e5558}: 'java.lang.Object java.lang.invoke.DirectMethodHandle$Holder.invokeStaticInit(java.lang.Object, int, int, int, int)'> (0x000000008c2e5558) 
thrown [s\open\src\hotspot\share\interpreter\linkResolver.cpp, line 773]
Event: 6.696 Thread 0x000001f3d3292580 Implicit null exception at 0x000001f3e55328a4 to 0x000001f3e5532f0c
Event: 6.696 Thread 0x000001f3d3292580 Implicit null exception at 0x000001f3e55335a0 to 0x000001f3e5533bfc
Event: 6.796 Thread 0x000001f3d3292580 Exception <a 'java/lang/NoSuchMethodError'{0x000000008bc69048}: 'void java.lang.invoke.DirectMethodHandle$Holder.invokeSpecial(java.lang.Object, java.lang.Object, java.lang.Object, java.lang.Object, java.lang.Object)'> (0x000000008bc69048) 
thrown [s\open\src\hotspot\share\interpreter\linkResolver.cpp, line 773]
Event: 6.807 Thread 0x000001f3d3292580 Exception <a 'java/lang/NoSuchMethodError'{0x000000008bc7ee18}: 'void java.lang.invoke.DirectMethodHandle$Holder.invokeSpecial(java.lang.Object, java.lang.Object, java.lang.Object, java.lang.Object, java.lang.Object, java.lang.Object)'> (0x000000008bc7ee18) 
thrown [s\open\src\hotspot\share\interpreter\linkResolver.cpp, line 773]
Event: 6.847 Thread 0x000001f3d3292580 Exception <a 'java/lang/NoSuchMethodError'{0x000000008bb760e0}: 'java.lang.Object java.lang.invoke.DirectMethodHandle$Holder.invokeVirtual(java.lang.Object, java.lang.Object, java.lang.Object)'> (0x000000008bb760e0) 
thrown [s\open\src\hotspot\share\interpreter\linkResolver.cpp, line 773]
Event: 6.990 Thread 0x000001f3d3292580 Exception <a 'java/lang/NoSuchMethodError'{0x000000008b9548e8}: 'void java.lang.invoke.DirectMethodHandle$Holder.invokeVirtual(java.lang.Object, java.lang.Object, int)'> (0x000000008b9548e8) 
thrown [s\open\src\hotspot\share\interpreter\linkResolver.cpp, line 773]
Event: 6.991 Thread 0x000001f3d3292580 Exception <a 'java/lang/NoSuchMethodError'{0x000000008b958698}: 'void java.lang.invoke.DirectMethodHandle$Holder.invokeSpecial(java.lang.Object, java.lang.Object, java.lang.Object, int)'> (0x000000008b958698) 
thrown [s\open\src\hotspot\share\interpreter\linkResolver.cpp, line 773]
Event: 6.992 Thread 0x000001f3d3292580 Exception <a 'java/lang/NoSuchMethodError'{0x000000008b95bd68}: 'void java.lang.invoke.DelegatingMethodHandle$Holder.reinvoke_L(java.lang.Object, java.lang.Object, int)'> (0x000000008b95bd68) 
thrown [s\open\src\hotspot\share\interpreter\linkResolver.cpp, line 773]
Event: 9.021 Thread 0x000001f3d3292580 Implicit null exception at 0x000001f3e56262cd to 0x000001f3e5627604
Event: 9.021 Thread 0x000001f3d3292580 Implicit null exception at 0x000001f3e55b7018 to 0x000001f3e55b71f4
Event: 9.021 Thread 0x000001f3d3292580 Implicit null exception at 0x000001f3e55b5f66 to 0x000001f3e55b600a
Event: 9.041 Thread 0x000001f3d3292580 Exception <a 'java/lang/NoSuchMethodError'{0x0000000089eb2518}: 'int java.lang.invoke.DirectMethodHandle$Holder.invokeSpecialIFC(java.lang.Object, java.lang.Object, java.lang.Object, java.lang.Object)'> (0x0000000089eb2518) 
thrown [s\open\src\hotspot\share\interpreter\linkResolver.cpp, line 773]

ZGC Phase Switch (0 events):
No events

VM Operations (20 events):
Event: 5.930 Executing VM operation: HandshakeAllThreads (Deoptimize) done
Event: 5.970 Executing VM operation: ICBufferFull
Event: 5.970 Executing VM operation: ICBufferFull done
Event: 6.136 Executing VM operation: HandshakeAllThreads (Deoptimize)
Event: 6.136 Executing VM operation: HandshakeAllThreads (Deoptimize) done
Event: 6.560 Executing VM operation: HandshakeAllThreads (Deoptimize)
Event: 6.560 Executing VM operation: HandshakeAllThreads (Deoptimize) done
Event: 7.561 Executing VM operation: Cleanup
Event: 7.561 Executing VM operation: Cleanup done
Event: 9.033 Executing VM operation: ICBufferFull
Event: 9.033 Executing VM operation: ICBufferFull done
Event: 9.930 Executing VM operation: ICBufferFull
Event: 9.930 Executing VM operation: ICBufferFull done
Event: 10.224 Executing VM operation: G1CollectForAllocation (G1 Evacuation Pause)
Event: 10.280 Executing VM operation: G1CollectForAllocation (G1 Evacuation Pause) done
Event: 11.284 Executing VM operation: Cleanup
Event: 11.284 Executing VM operation: Cleanup done
Event: 13.298 Executing VM operation: Cleanup
Event: 13.399 Executing VM operation: Cleanup done
Event: 14.409 Executing VM operation: Cleanup

Events (14 events):
Event: 0.064 Thread 0x000001f3d3292580 Thread added: 0x000001f3d3292580
Event: 0.099 Thread 0x000001f3f22ae3e0 Thread added: 0x000001f3f22ae3e0
Event: 0.099 Thread 0x000001f3f22b2e50 Thread added: 0x000001f3f22b2e50
Event: 0.100 Thread 0x000001f3f22b64d0 Thread added: 0x000001f3f22b64d0
Event: 0.100 Thread 0x000001f3f22b6f30 Thread added: 0x000001f3f22b6f30
Event: 0.100 Thread 0x000001f3f22b8ad0 Thread added: 0x000001f3f22b8ad0
Event: 0.101 Thread 0x000001f3f22b9530 Thread added: 0x000001f3f22b9530
Event: 0.101 Thread 0x000001f3f22ba620 Thread added: 0x000001f3f22ba620
Event: 0.102 Thread 0x000001f3f2402090 Thread added: 0x000001f3f2402090
Event: 0.139 Thread 0x000001f3f2560bb0 Thread added: 0x000001f3f2560bb0
Event: 0.146 Thread 0x000001f3f2569400 Thread added: 0x000001f3f2569400
Event: 0.799 Thread 0x000001f3f27b2ab0 Thread added: 0x000001f3f27b2ab0
Event: 3.070 Thread 0x000001f3f27b2ab0 Thread exited: 0x000001f3f27b2ab0
Event: 6.295 Thread 0x000001f3f2d0fc90 Thread added: 0x000001f3f2d0fc90


Dynamic libraries:
0x00007ff62dc80000 - 0x00007ff62dc90000 	C:\Program Files\Java\jdk-21.0.10\bin\java.exe
0x00007ff855e60000 - 0x00007ff8560c6000 	C:\WINDOWS\SYSTEM32\ntdll.dll
0x00007ff8554a0000 - 0x00007ff855569000 	C:\WINDOWS\System32\KERNEL32.DLL
0x00007ff8535a0000 - 0x00007ff85399a000 	C:\WINDOWS\System32\KERNELBASE.dll
0x00007ff82f860000 - 0x00007ff82f879000 	C:\Program Files\Java\jdk-21.0.10\bin\jli.dll
0x00007ff855670000 - 0x00007ff855726000 	C:\WINDOWS\System32\ADVAPI32.dll
0x00007ff853bd0000 - 0x00007ff853c79000 	C:\WINDOWS\System32\msvcrt.dll
0x00007ff8541c0000 - 0x00007ff85426a000 	C:\WINDOWS\System32\sechost.dll
0x00007ff82f840000 - 0x00007ff82f85e000 	C:\Program Files\Java\jdk-21.0.10\bin\VCRUNTIME140.dll
0x00007ff853e50000 - 0x00007ff853f68000 	C:\WINDOWS\System32\RPCRT4.dll
0x00007ff8531a0000 - 0x00007ff8532ec000 	C:\WINDOWS\System32\ucrtbase.dll
0x00007ff853c80000 - 0x00007ff853e47000 	C:\WINDOWS\System32\USER32.dll
0x00007ff853af0000 - 0x00007ff853b17000 	C:\WINDOWS\System32\win32u.dll
0x00007ff82c630000 - 0x00007ff82c8c2000 	C:\WINDOWS\WinSxS\amd64_microsoft.windows.common-controls_6595b64144ccf1df_6.0.26100.8521_none_3e08b75ce33403b3\COMCTL32.dll
0x00007ff854050000 - 0x00007ff85407b000 	C:\WINDOWS\System32\GDI32.dll
0x00007ff8532f0000 - 0x00007ff85341b000 	C:\WINDOWS\System32\gdi32full.dll
0x00007ff853b20000 - 0x00007ff853bc3000 	C:\WINDOWS\System32\msvcp_win.dll
0x00007ff83de80000 - 0x00007ff83de8b000 	C:\WINDOWS\SYSTEM32\VERSION.dll
0x00007ff854270000 - 0x00007ff8542a2000 	C:\WINDOWS\System32\IMM32.DLL
0x00007ff840d20000 - 0x00007ff840d2c000 	C:\Program Files\Java\jdk-21.0.10\bin\vcruntime140_1.dll
0x00007fffde950000 - 0x00007fffde9dd000 	C:\Program Files\Java\jdk-21.0.10\bin\msvcp140.dll
0x00007fff695e0000 - 0x00007fff6a307000 	C:\Program Files\Java\jdk-21.0.10\bin\server\jvm.dll
0x00007ff853f70000 - 0x00007ff853ff0000 	C:\WINDOWS\System32\WS2_32.dll
0x00007ff852f50000 - 0x00007ff852fae000 	C:\WINDOWS\SYSTEM32\POWRPROF.dll
0x00007ff84f860000 - 0x00007ff84f896000 	C:\WINDOWS\SYSTEM32\WINMM.dll
0x00007ff852f30000 - 0x00007ff852f44000 	C:\WINDOWS\SYSTEM32\UMPDC.dll
0x00007ff851e40000 - 0x00007ff851e5b000 	C:\WINDOWS\SYSTEM32\kernel.appcore.dll
0x00007ff831ef0000 - 0x00007ff831efa000 	C:\Program Files\Java\jdk-21.0.10\bin\jimage.dll
0x00007ff850690000 - 0x00007ff8508d2000 	C:\WINDOWS\SYSTEM32\DBGHELP.DLL
0x00007ff854440000 - 0x00007ff8547c3000 	C:\WINDOWS\System32\combase.dll
0x00007ff854330000 - 0x00007ff854409000 	C:\WINDOWS\System32\OLEAUT32.dll
0x00007ff83e560000 - 0x00007ff83e59b000 	C:\WINDOWS\SYSTEM32\dbgcore.DLL
0x00007ff8530f0000 - 0x00007ff853198000 	C:\WINDOWS\System32\bcryptPrimitives.dll
0x00007ff82f780000 - 0x00007ff82f7a1000 	C:\Program Files\Java\jdk-21.0.10\bin\java.dll
0x00007ff854c70000 - 0x00007ff8553f4000 	C:\WINDOWS\System32\SHELL32.dll
0x00007ff850c70000 - 0x00007ff8514f0000 	C:\WINDOWS\SYSTEM32\windows.storage.dll
0x00007ff8557c0000 - 0x00007ff8558b6000 	C:\WINDOWS\System32\SHCORE.dll
0x00007ff855730000 - 0x00007ff855797000 	C:\WINDOWS\System32\shlwapi.dll
0x00007ff853010000 - 0x00007ff853039000 	C:\WINDOWS\SYSTEM32\profapi.dll
0x00007fffde680000 - 0x00007fffde757000 	C:\Program Files\Java\jdk-21.0.10\bin\jsvml.dll
0x00007ff848d40000 - 0x00007ff848d51000 	C:\Program Files\Java\jdk-21.0.10\bin\net.dll
0x00007ff84a200000 - 0x00007ff84a329000 	C:\WINDOWS\SYSTEM32\WINHTTP.dll
0x00007ff852390000 - 0x00007ff8523fc000 	C:\WINDOWS\system32\mswsock.dll
0x00007ff824c30000 - 0x00007ff824c46000 	C:\Program Files\Java\jdk-21.0.10\bin\nio.dll
0x00007ff803410000 - 0x00007ff803428000 	C:\Program Files\Java\jdk-21.0.10\bin\zip.dll
0x00007fffe25f0000 - 0x00007fffe2614000 	C:\Users\drabo\.m2\wrapper\dists\apache-maven-3.9.11\03d7e36a140982eea48e22c1dcac01d8862b2550b2939e09a0809bbc5182a5bc\lib\jansi-native\Windows\x86_64\jansi.dll
0x00007ff831d00000 - 0x00007ff831d10000 	C:\Program Files\Java\jdk-21.0.10\bin\verify.dll

dbghelp: loaded successfully - version: 4.0.5 - missing functions: none
symbol engine: initialized successfully - sym options: 0x614 - pdb path: .;C:\Program Files\Java\jdk-21.0.10\bin;C:\WINDOWS\SYSTEM32;C:\WINDOWS\WinSxS\amd64_microsoft.windows.common-controls_6595b64144ccf1df_6.0.26100.8521_none_3e08b75ce33403b3;C:\Program Files\Java\jdk-21.0.10\bin\server;C:\Users\drabo\.m2\wrapper\dists\apache-maven-3.9.11\03d7e36a140982eea48e22c1dcac01d8862b2550b2939e09a0809bbc5182a5bc\lib\jansi-native\Windows\x86_64

VM Arguments:
jvm_args: --enable-native-access=ALL-UNNAMED -Dclassworlds.conf=C:\Users\drabo\.m2\wrapper\dists\apache-maven-3.9.11\03d7e36a140982eea48e22c1dcac01d8862b2550b2939e09a0809bbc5182a5bc\bin\m2.conf -Dmaven.home=C:\Users\drabo\.m2\wrapper\dists\apache-maven-3.9.11\03d7e36a140982eea48e22c1dcac01d8862b2550b2939e09a0809bbc5182a5bc -Dlibrary.jansi.path=C:\Users\drabo\.m2\wrapper\dists\apache-maven-3.9.11\03d7e36a140982eea48e22c1dcac01d8862b2550b2939e09a0809bbc5182a5bc\lib\jansi-native -Dmaven.multiModuleProjectDirectory=C:\Users\drabo\Downloads\sakai-ng-master\backend 
java_command: org.codehaus.plexus.classworlds.launcher.Launcher spring-boot:run
java_class_path (initial): C:\Users\drabo\.m2\wrapper\dists\apache-maven-3.9.11\03d7e36a140982eea48e22c1dcac01d8862b2550b2939e09a0809bbc5182a5bc\boot\plexus-classworlds-2.9.0.jar
Launcher Type: SUN_STANDARD

[Global flags]
     intx CICompilerCount                          = 4                                         {product} {ergonomic}
     uint ConcGCThreads                            = 3                                         {product} {ergonomic}
     uint G1ConcRefinementThreads                  = 10                                        {product} {ergonomic}
   size_t G1HeapRegionSize                         = 1048576                                   {product} {ergonomic}
    uintx GCDrainStackTargetSize                   = 64                                        {product} {ergonomic}
   size_t InitialHeapSize                          = 130023424                                 {product} {ergonomic}
   size_t MarkStackSize                            = 4194304                                   {product} {ergonomic}
   size_t MaxHeapSize                              = 2055208960                                {product} {ergonomic}
   size_t MaxNewSize                               = 1233125376                                {product} {ergonomic}
   size_t MinHeapDeltaBytes                        = 1048576                                   {product} {ergonomic}
   size_t MinHeapSize                              = 8388608                                   {product} {ergonomic}
    uintx NonNMethodCodeHeapSize                   = 5839372                                {pd product} {ergonomic}
    uintx NonProfiledCodeHeapSize                  = 122909434                              {pd product} {ergonomic}
    uintx ProfiledCodeHeapSize                     = 122909434                              {pd product} {ergonomic}
    uintx ReservedCodeCacheSize                    = 251658240                              {pd product} {ergonomic}
     bool SegmentedCodeCache                       = true                                      {product} {ergonomic}
   size_t SoftMaxHeapSize                          = 2055208960                             {manageable} {ergonomic}
     bool UseCompressedOops                        = true                           {product lp64_product} {ergonomic}
     bool UseG1GC                                  = true                                      {product} {ergonomic}
     bool UseLargePagesIndividualAllocation        = false                                  {pd product} {ergonomic}

Logging:
Log output configuration:
 #0: stdout all=warning uptime,level,tags foldmultilines=false
 #1: stderr all=off uptime,level,tags foldmultilines=false

Environment Variables:
JAVA_HOME=C:\Program Files\Java\jdk-21.0.10
PATH=C:\Users\drabo\AppData\Local\Programs\Python\Python314\Scripts\;C:\Users\drabo\AppData\Local\Programs\Python\Python314\;C:\Program Files\Common Files\Oracle\Java\javapath;C:\WINDOWS\system32;C:\WINDOWS;C:\WINDOWS\System32\Wbem;C:\WINDOWS\System32\WindowsPowerShell\v1.0\;C:\WINDOWS\System32\OpenSSH\;C:\php;C:\Program Files\cursor\resources\app\bin;C:\Program Files\MySQL\MySQL Server 8.4\bin;C:\Users\drabo\AppData\Roaming\npm;C:\Program Files\Java\jdk-21;C:\Program Files\Java\jdk-21.0.10\bin;C:\ProgramData\chocolatey\bin;C:\Program Files\nodejs\;C:\tools\php85;C:\ProgramData\ComposerSetup\bin;C:\Program Files\Git\cmd;C:\WINDOWS\system32;C:\WINDOWS;C:\WINDOWS\System32\Wbem;C:\WINDOWS\System32\WindowsPowerShell\v1.0\;C:\WINDOWS\System32\OpenSSH\;C:\Program Files\Git\cmd;C:\Program Files\nodejs\;C:\php;C:\Program Files\Docker\Docker\resources\bin;C:\Program Files\cursor\resources\app\bin;;C:\Program Files\MySQL\MySQL Server 8.0\bin;C:\Program Files\MySQL\MySQL Server 8.4\bin;C:\Users\drabo\AppData\Local\Programs\Windsurf\bin;C:\Users\drabo\AppData\Local\Programs\Microsoft VS Code\bin;C:\Users\drabo\AppData\Roaming\npm;C:\Users\drabo\AppData\Roaming\Composer\vendor\bin;C:\Program Files\JetBrains\IntelliJ IDEA 2026.1.2\bin;C:\Users\drabo\AppData\Local\Microsoft\WindowsApps;C:\Users\drabo\AppData\Local\Programs\Antigravity\bin
USERNAME=drabo
OS=Windows_NT
PROCESSOR_IDENTIFIER=Intel64 Family 6 Model 186 Stepping 3, GenuineIntel
TMP=C:\Users\drabo\AppData\Local\Temp
TEMP=C:\Users\drabo\AppData\Local\Temp




Periodic native trim disabled

---------------  S Y S T E M  ---------------

OS:
 Windows 11 , 64 bit Build 26100 (10.0.26100.8521)
OS uptime: 1 days 4:30 hours
Hyper-V role detected

CPU: total 12 (initial active 12) (6 cores per cpu, 2 threads per core) family 6 model 186 stepping 3 microcode 0x6134, cx8, cmov, fxsr, ht, mmx, 3dnowpref, sse, sse2, sse3, ssse3, sse4.1, sse4.2, popcnt, lzcnt, tsc, tscinvbit, avx, avx2, aes, erms, clmul, bmi1, bmi2, adx, sha, fma, vzeroupper, clflush, clflushopt, clwb, hv, serialize, rdtscp, rdpid, fsrm, f16c, cet_ibt, cet_ss
Processor Information for all 12 processors :
  Max Mhz: 1300, Current Mhz: 1300, Mhz Limit: 1300

Memory: 4k page, system-wide physical 7835M (24M free)
TotalPageFile size 31387M (AvailPageFile size 16M)
current process WorkingSet (physical memory assigned to process): 102M, peak: 162M
current process commit charge ("private bytes"): 265M, peak: 268M

vm_info: Java HotSpot(TM) 64-Bit Server VM (21.0.10+8-LTS-217) for windows-amd64 JRE (21.0.10+8-LTS-217), built on 2025-12-18T14:59:28Z by "mach5run" with MS VC++ 17.13 (VS2022)

END.
